                         Chronologic VCS (TM)
           Version E-2011.03-3 -- Mon May  9 15:30:53 2016
               Copyright (c) 1991-2011 by Synopsys Inc.
                         ALL RIGHTS RESERVED

This program is proprietary and confidential information of Synopsys Inc.
and may be used and disclosed only as authorized in a license agreement
controlling such use and disclosure.

Parsing design file '/home/b51816/uvm/uvm-1.1d/src/uvm_pkg.sv'
Parsing included file '/home/b51816/uvm/uvm-1.1d/src/uvm_macros.svh'.
Parsing included file '/home/b51816/uvm/uvm-1.1d/src/macros/uvm_version_defines.svh'.
Back to file '/home/b51816/uvm/uvm-1.1d/src/uvm_macros.svh'.
Parsing included file '/home/b51816/uvm/uvm-1.1d/src/macros/uvm_message_defines.svh'.
Back to file '/home/b51816/uvm/uvm-1.1d/src/uvm_macros.svh'.
Parsing included file '/home/b51816/uvm/uvm-1.1d/src/macros/uvm_phase_defines.svh'.
Back to file '/home/b51816/uvm/uvm-1.1d/src/uvm_macros.svh'.
Parsing included file '/home/b51816/uvm/uvm-1.1d/src/macros/uvm_object_defines.svh'.
Back to file '/home/b51816/uvm/uvm-1.1d/src/uvm_macros.svh'.
Parsing included file '/home/b51816/uvm/uvm-1.1d/src/macros/uvm_printer_defines.svh'.
Back to file '/home/b51816/uvm/uvm-1.1d/src/uvm_macros.svh'.
Parsing included file '/home/b51816/uvm/uvm-1.1d/src/macros/uvm_tlm_defines.svh'.
Parsing included file '/home/b51816/uvm/uvm-1.1d/src/tlm1/uvm_tlm_imps.svh'.
Back to file '/home/b51816/uvm/uvm-1.1d/src/macros/uvm_tlm_defines.svh'.
Back to file '/home/b51816/uvm/uvm-1.1d/src/uvm_macros.svh'.
Parsing included file '/home/b51816/uvm/uvm-1.1d/src/macros/uvm_sequence_defines.svh'.
Back to file '/home/b51816/uvm/uvm-1.1d/src/uvm_macros.svh'.
Parsing included file '/home/b51816/uvm/uvm-1.1d/src/macros/uvm_callback_defines.svh'.
Back to file '/home/b51816/uvm/uvm-1.1d/src/uvm_macros.svh'.
Parsing included file '/home/b51816/uvm/uvm-1.1d/src/macros/uvm_reg_defines.svh'.
Back to file '/home/b51816/uvm/uvm-1.1d/src/uvm_macros.svh'.
Parsing included file '/home/b51816/uvm/uvm-1.1d/src/macros/uvm_deprecated_defines.svh'.
Back to file '/home/b51816/uvm/uvm-1.1d/src/uvm_macros.svh'.
Back to file '/home/b51816/uvm/uvm-1.1d/src/uvm_pkg.sv'.
Parsing included file '/home/b51816/uvm/uvm-1.1d/src/dpi/uvm_dpi.svh'.
Parsing included file '/home/b51816/uvm/uvm-1.1d/src/dpi/uvm_hdl.svh'.
Back to file '/home/b51816/uvm/uvm-1.1d/src/dpi/uvm_dpi.svh'.
Parsing included file '/home/b51816/uvm/uvm-1.1d/src/dpi/uvm_svcmd_dpi.svh'.
Back to file '/home/b51816/uvm/uvm-1.1d/src/dpi/uvm_dpi.svh'.
Parsing included file '/home/b51816/uvm/uvm-1.1d/src/dpi/uvm_regex.svh'.
Back to file '/home/b51816/uvm/uvm-1.1d/src/dpi/uvm_dpi.svh'.
Back to file '/home/b51816/uvm/uvm-1.1d/src/uvm_pkg.sv'.
Parsing included file '/home/b51816/uvm/uvm-1.1d/src/base/uvm_base.svh'.
Parsing included file '/home/b51816/uvm/uvm-1.1d/src/base/uvm_version.svh'.
Back to file '/home/b51816/uvm/uvm-1.1d/src/base/uvm_base.svh'.
Parsing included file '/home/b51816/uvm/uvm-1.1d/src/base/uvm_object_globals.svh'.
Back to file '/home/b51816/uvm/uvm-1.1d/src/base/uvm_base.svh'.
Parsing included file '/home/b51816/uvm/uvm-1.1d/src/base/uvm_misc.svh'.
Back to file '/home/b51816/uvm/uvm-1.1d/src/base/uvm_base.svh'.
Parsing included file '/home/b51816/uvm/uvm-1.1d/src/base/uvm_object.svh'.
Back to file '/home/b51816/uvm/uvm-1.1d/src/base/uvm_base.svh'.
Parsing included file '/home/b51816/uvm/uvm-1.1d/src/base/uvm_pool.svh'.
Back to file '/home/b51816/uvm/uvm-1.1d/src/base/uvm_base.svh'.
Parsing included file '/home/b51816/uvm/uvm-1.1d/src/base/uvm_queue.svh'.
Back to file '/home/b51816/uvm/uvm-1.1d/src/base/uvm_base.svh'.
Parsing included file '/home/b51816/uvm/uvm-1.1d/src/base/uvm_factory.svh'.
Back to file '/home/b51816/uvm/uvm-1.1d/src/base/uvm_base.svh'.
Parsing included file '/home/b51816/uvm/uvm-1.1d/src/base/uvm_registry.svh'.
Back to file '/home/b51816/uvm/uvm-1.1d/src/base/uvm_base.svh'.
Parsing included file '/home/b51816/uvm/uvm-1.1d/src/base/uvm_spell_chkr.svh'.
Back to file '/home/b51816/uvm/uvm-1.1d/src/base/uvm_base.svh'.
Parsing included file '/home/b51816/uvm/uvm-1.1d/src/base/uvm_resource.svh'.
Back to file '/home/b51816/uvm/uvm-1.1d/src/base/uvm_base.svh'.
Parsing included file '/home/b51816/uvm/uvm-1.1d/src/deprecated/uvm_resource_converter.svh'.
Back to file '/home/b51816/uvm/uvm-1.1d/src/base/uvm_base.svh'.
Parsing included file '/home/b51816/uvm/uvm-1.1d/src/base/uvm_resource_specializations.svh'.
Back to file '/home/b51816/uvm/uvm-1.1d/src/base/uvm_base.svh'.
Parsing included file '/home/b51816/uvm/uvm-1.1d/src/base/uvm_resource_db.svh'.
Back to file '/home/b51816/uvm/uvm-1.1d/src/base/uvm_base.svh'.
Parsing included file '/home/b51816/uvm/uvm-1.1d/src/base/uvm_config_db.svh'.
Back to file '/home/b51816/uvm/uvm-1.1d/src/base/uvm_base.svh'.
Parsing included file '/home/b51816/uvm/uvm-1.1d/src/base/uvm_printer.svh'.
Back to file '/home/b51816/uvm/uvm-1.1d/src/base/uvm_base.svh'.
Parsing included file '/home/b51816/uvm/uvm-1.1d/src/base/uvm_comparer.svh'.
Back to file '/home/b51816/uvm/uvm-1.1d/src/base/uvm_base.svh'.
Parsing included file '/home/b51816/uvm/uvm-1.1d/src/base/uvm_packer.svh'.
Back to file '/home/b51816/uvm/uvm-1.1d/src/base/uvm_base.svh'.
Parsing included file '/home/b51816/uvm/uvm-1.1d/src/base/uvm_recorder.svh'.
Back to file '/home/b51816/uvm/uvm-1.1d/src/base/uvm_base.svh'.
Parsing included file '/home/b51816/uvm/uvm-1.1d/src/base/uvm_event_callback.svh'.
Back to file '/home/b51816/uvm/uvm-1.1d/src/base/uvm_base.svh'.
Parsing included file '/home/b51816/uvm/uvm-1.1d/src/base/uvm_event.svh'.
Back to file '/home/b51816/uvm/uvm-1.1d/src/base/uvm_base.svh'.
Parsing included file '/home/b51816/uvm/uvm-1.1d/src/base/uvm_barrier.svh'.
Back to file '/home/b51816/uvm/uvm-1.1d/src/base/uvm_base.svh'.
Parsing included file '/home/b51816/uvm/uvm-1.1d/src/base/uvm_callback.svh'.
Parsing included file '/home/b51816/uvm/uvm-1.1d/src/uvm_macros.svh'.
Back to file '/home/b51816/uvm/uvm-1.1d/src/base/uvm_callback.svh'.
Back to file '/home/b51816/uvm/uvm-1.1d/src/base/uvm_base.svh'.
Parsing included file '/home/b51816/uvm/uvm-1.1d/src/base/uvm_report_catcher.svh'.
Back to file '/home/b51816/uvm/uvm-1.1d/src/base/uvm_base.svh'.
Parsing included file '/home/b51816/uvm/uvm-1.1d/src/base/uvm_report_server.svh'.
Back to file '/home/b51816/uvm/uvm-1.1d/src/base/uvm_base.svh'.
Parsing included file '/home/b51816/uvm/uvm-1.1d/src/base/uvm_report_handler.svh'.
Back to file '/home/b51816/uvm/uvm-1.1d/src/base/uvm_base.svh'.
Parsing included file '/home/b51816/uvm/uvm-1.1d/src/base/uvm_report_object.svh'.
Back to file '/home/b51816/uvm/uvm-1.1d/src/base/uvm_base.svh'.
Parsing included file '/home/b51816/uvm/uvm-1.1d/src/base/uvm_transaction.svh'.
Back to file '/home/b51816/uvm/uvm-1.1d/src/base/uvm_base.svh'.
Parsing included file '/home/b51816/uvm/uvm-1.1d/src/base/uvm_phase.svh'.
Back to file '/home/b51816/uvm/uvm-1.1d/src/base/uvm_base.svh'.
Parsing included file '/home/b51816/uvm/uvm-1.1d/src/base/uvm_domain.svh'.
Back to file '/home/b51816/uvm/uvm-1.1d/src/base/uvm_base.svh'.
Parsing included file '/home/b51816/uvm/uvm-1.1d/src/base/uvm_bottomup_phase.svh'.
Back to file '/home/b51816/uvm/uvm-1.1d/src/base/uvm_base.svh'.
Parsing included file '/home/b51816/uvm/uvm-1.1d/src/base/uvm_topdown_phase.svh'.
Back to file '/home/b51816/uvm/uvm-1.1d/src/base/uvm_base.svh'.
Parsing included file '/home/b51816/uvm/uvm-1.1d/src/base/uvm_task_phase.svh'.
Back to file '/home/b51816/uvm/uvm-1.1d/src/base/uvm_base.svh'.
Parsing included file '/home/b51816/uvm/uvm-1.1d/src/base/uvm_common_phases.svh'.
Back to file '/home/b51816/uvm/uvm-1.1d/src/base/uvm_base.svh'.
Parsing included file '/home/b51816/uvm/uvm-1.1d/src/base/uvm_runtime_phases.svh'.
Back to file '/home/b51816/uvm/uvm-1.1d/src/base/uvm_base.svh'.
Parsing included file '/home/b51816/uvm/uvm-1.1d/src/base/uvm_component.svh'.
Parsing included file '/home/b51816/uvm/uvm-1.1d/src/base/uvm_root.svh'.
Back to file '/home/b51816/uvm/uvm-1.1d/src/base/uvm_component.svh'.
Back to file '/home/b51816/uvm/uvm-1.1d/src/base/uvm_base.svh'.
Parsing included file '/home/b51816/uvm/uvm-1.1d/src/base/uvm_objection.svh'.
Back to file '/home/b51816/uvm/uvm-1.1d/src/base/uvm_base.svh'.
Parsing included file '/home/b51816/uvm/uvm-1.1d/src/base/uvm_heartbeat.svh'.
Back to file '/home/b51816/uvm/uvm-1.1d/src/base/uvm_base.svh'.
Parsing included file '/home/b51816/uvm/uvm-1.1d/src/base/uvm_globals.svh'.
Back to file '/home/b51816/uvm/uvm-1.1d/src/base/uvm_base.svh'.
Parsing included file '/home/b51816/uvm/uvm-1.1d/src/base/uvm_cmdline_processor.svh'.
Back to file '/home/b51816/uvm/uvm-1.1d/src/base/uvm_base.svh'.
Back to file '/home/b51816/uvm/uvm-1.1d/src/uvm_pkg.sv'.
Parsing included file '/home/b51816/uvm/uvm-1.1d/src/tlm1/uvm_tlm.svh'.
Parsing included file '/home/b51816/uvm/uvm-1.1d/src/tlm1/uvm_tlm_ifs.svh'.
Back to file '/home/b51816/uvm/uvm-1.1d/src/tlm1/uvm_tlm.svh'.
Parsing included file '/home/b51816/uvm/uvm-1.1d/src/tlm1/uvm_sqr_ifs.svh'.
Back to file '/home/b51816/uvm/uvm-1.1d/src/tlm1/uvm_tlm.svh'.
Parsing included file '/home/b51816/uvm/uvm-1.1d/src/base/uvm_port_base.svh'.
Back to file '/home/b51816/uvm/uvm-1.1d/src/tlm1/uvm_tlm.svh'.
Parsing included file '/home/b51816/uvm/uvm-1.1d/src/tlm1/uvm_tlm_imps.svh'.
Back to file '/home/b51816/uvm/uvm-1.1d/src/tlm1/uvm_tlm.svh'.
Parsing included file '/home/b51816/uvm/uvm-1.1d/src/tlm1/uvm_imps.svh'.
Back to file '/home/b51816/uvm/uvm-1.1d/src/tlm1/uvm_tlm.svh'.
Parsing included file '/home/b51816/uvm/uvm-1.1d/src/tlm1/uvm_ports.svh'.
Back to file '/home/b51816/uvm/uvm-1.1d/src/tlm1/uvm_tlm.svh'.
Parsing included file '/home/b51816/uvm/uvm-1.1d/src/tlm1/uvm_exports.svh'.
Back to file '/home/b51816/uvm/uvm-1.1d/src/tlm1/uvm_tlm.svh'.
Parsing included file '/home/b51816/uvm/uvm-1.1d/src/tlm1/uvm_analysis_port.svh'.
Back to file '/home/b51816/uvm/uvm-1.1d/src/tlm1/uvm_tlm.svh'.
Parsing included file '/home/b51816/uvm/uvm-1.1d/src/tlm1/uvm_tlm_fifo_base.svh'.
Back to file '/home/b51816/uvm/uvm-1.1d/src/tlm1/uvm_tlm.svh'.
Parsing included file '/home/b51816/uvm/uvm-1.1d/src/tlm1/uvm_tlm_fifos.svh'.
Back to file '/home/b51816/uvm/uvm-1.1d/src/tlm1/uvm_tlm.svh'.
Parsing included file '/home/b51816/uvm/uvm-1.1d/src/tlm1/uvm_tlm_req_rsp.svh'.
Back to file '/home/b51816/uvm/uvm-1.1d/src/tlm1/uvm_tlm.svh'.
Parsing included file '/home/b51816/uvm/uvm-1.1d/src/tlm1/uvm_sqr_connections.svh'.
Back to file '/home/b51816/uvm/uvm-1.1d/src/tlm1/uvm_tlm.svh'.
Back to file '/home/b51816/uvm/uvm-1.1d/src/uvm_pkg.sv'.
Parsing included file '/home/b51816/uvm/uvm-1.1d/src/comps/uvm_comps.svh'.
Parsing included file '/home/b51816/uvm/uvm-1.1d/src/comps/uvm_pair.svh'.
Back to file '/home/b51816/uvm/uvm-1.1d/src/comps/uvm_comps.svh'.
Parsing included file '/home/b51816/uvm/uvm-1.1d/src/comps/uvm_policies.svh'.
Back to file '/home/b51816/uvm/uvm-1.1d/src/comps/uvm_comps.svh'.
Parsing included file '/home/b51816/uvm/uvm-1.1d/src/comps/uvm_in_order_comparator.svh'.
Back to file '/home/b51816/uvm/uvm-1.1d/src/comps/uvm_comps.svh'.
Parsing included file '/home/b51816/uvm/uvm-1.1d/src/comps/uvm_algorithmic_comparator.svh'.
Back to file '/home/b51816/uvm/uvm-1.1d/src/comps/uvm_comps.svh'.
Parsing included file '/home/b51816/uvm/uvm-1.1d/src/comps/uvm_random_stimulus.svh'.
Back to file '/home/b51816/uvm/uvm-1.1d/src/comps/uvm_comps.svh'.
Parsing included file '/home/b51816/uvm/uvm-1.1d/src/comps/uvm_subscriber.svh'.
Back to file '/home/b51816/uvm/uvm-1.1d/src/comps/uvm_comps.svh'.
Parsing included file '/home/b51816/uvm/uvm-1.1d/src/comps/uvm_monitor.svh'.
Back to file '/home/b51816/uvm/uvm-1.1d/src/comps/uvm_comps.svh'.
Parsing included file '/home/b51816/uvm/uvm-1.1d/src/comps/uvm_driver.svh'.
Back to file '/home/b51816/uvm/uvm-1.1d/src/comps/uvm_comps.svh'.
Parsing included file '/home/b51816/uvm/uvm-1.1d/src/comps/uvm_push_driver.svh'.
Back to file '/home/b51816/uvm/uvm-1.1d/src/comps/uvm_comps.svh'.
Parsing included file '/home/b51816/uvm/uvm-1.1d/src/comps/uvm_scoreboard.svh'.
Back to file '/home/b51816/uvm/uvm-1.1d/src/comps/uvm_comps.svh'.
Parsing included file '/home/b51816/uvm/uvm-1.1d/src/comps/uvm_agent.svh'.
Back to file '/home/b51816/uvm/uvm-1.1d/src/comps/uvm_comps.svh'.
Parsing included file '/home/b51816/uvm/uvm-1.1d/src/comps/uvm_env.svh'.
Back to file '/home/b51816/uvm/uvm-1.1d/src/comps/uvm_comps.svh'.
Parsing included file '/home/b51816/uvm/uvm-1.1d/src/comps/uvm_test.svh'.
Back to file '/home/b51816/uvm/uvm-1.1d/src/comps/uvm_comps.svh'.
Back to file '/home/b51816/uvm/uvm-1.1d/src/uvm_pkg.sv'.
Parsing included file '/home/b51816/uvm/uvm-1.1d/src/seq/uvm_seq.svh'.
Parsing included file '/home/b51816/uvm/uvm-1.1d/src/seq/uvm_sequence_item.svh'.
Back to file '/home/b51816/uvm/uvm-1.1d/src/seq/uvm_seq.svh'.
Parsing included file '/home/b51816/uvm/uvm-1.1d/src/seq/uvm_sequencer_base.svh'.
Back to file '/home/b51816/uvm/uvm-1.1d/src/seq/uvm_seq.svh'.
Parsing included file '/home/b51816/uvm/uvm-1.1d/src/seq/uvm_sequencer_analysis_fifo.svh'.
Back to file '/home/b51816/uvm/uvm-1.1d/src/seq/uvm_seq.svh'.
Parsing included file '/home/b51816/uvm/uvm-1.1d/src/seq/uvm_sequencer_param_base.svh'.
Back to file '/home/b51816/uvm/uvm-1.1d/src/seq/uvm_seq.svh'.
Parsing included file '/home/b51816/uvm/uvm-1.1d/src/seq/uvm_sequencer.svh'.
Back to file '/home/b51816/uvm/uvm-1.1d/src/seq/uvm_seq.svh'.
Parsing included file '/home/b51816/uvm/uvm-1.1d/src/seq/uvm_push_sequencer.svh'.
Back to file '/home/b51816/uvm/uvm-1.1d/src/seq/uvm_seq.svh'.
Parsing included file '/home/b51816/uvm/uvm-1.1d/src/seq/uvm_sequence_base.svh'.
Back to file '/home/b51816/uvm/uvm-1.1d/src/seq/uvm_seq.svh'.
Parsing included file '/home/b51816/uvm/uvm-1.1d/src/seq/uvm_sequence.svh'.
Back to file '/home/b51816/uvm/uvm-1.1d/src/seq/uvm_seq.svh'.
Parsing included file '/home/b51816/uvm/uvm-1.1d/src/seq/uvm_sequence_library.svh'.
Back to file '/home/b51816/uvm/uvm-1.1d/src/seq/uvm_seq.svh'.
Parsing included file '/home/b51816/uvm/uvm-1.1d/src/seq/uvm_sequence_builtin.svh'.
Back to file '/home/b51816/uvm/uvm-1.1d/src/seq/uvm_seq.svh'.
Back to file '/home/b51816/uvm/uvm-1.1d/src/uvm_pkg.sv'.
Parsing included file '/home/b51816/uvm/uvm-1.1d/src/tlm2/uvm_tlm2.svh'.
Parsing included file '/home/b51816/uvm/uvm-1.1d/src/tlm2/uvm_tlm2_defines.svh'.
Back to file '/home/b51816/uvm/uvm-1.1d/src/tlm2/uvm_tlm2.svh'.
Parsing included file '/home/b51816/uvm/uvm-1.1d/src/tlm2/uvm_tlm2_time.svh'.
Back to file '/home/b51816/uvm/uvm-1.1d/src/tlm2/uvm_tlm2.svh'.
Parsing included file '/home/b51816/uvm/uvm-1.1d/src/tlm2/uvm_tlm2_generic_payload.svh'.
Back to file '/home/b51816/uvm/uvm-1.1d/src/tlm2/uvm_tlm2.svh'.
Parsing included file '/home/b51816/uvm/uvm-1.1d/src/tlm2/uvm_tlm2_ifs.svh'.
Back to file '/home/b51816/uvm/uvm-1.1d/src/tlm2/uvm_tlm2.svh'.
Parsing included file '/home/b51816/uvm/uvm-1.1d/src/tlm2/uvm_tlm2_imps.svh'.
Back to file '/home/b51816/uvm/uvm-1.1d/src/tlm2/uvm_tlm2.svh'.
Parsing included file '/home/b51816/uvm/uvm-1.1d/src/tlm2/uvm_tlm2_ports.svh'.
Back to file '/home/b51816/uvm/uvm-1.1d/src/tlm2/uvm_tlm2.svh'.
Parsing included file '/home/b51816/uvm/uvm-1.1d/src/tlm2/uvm_tlm2_exports.svh'.
Back to file '/home/b51816/uvm/uvm-1.1d/src/tlm2/uvm_tlm2.svh'.
Parsing included file '/home/b51816/uvm/uvm-1.1d/src/tlm2/uvm_tlm2_sockets_base.svh'.
Back to file '/home/b51816/uvm/uvm-1.1d/src/tlm2/uvm_tlm2.svh'.
Parsing included file '/home/b51816/uvm/uvm-1.1d/src/tlm2/uvm_tlm2_sockets.svh'.
Back to file '/home/b51816/uvm/uvm-1.1d/src/tlm2/uvm_tlm2.svh'.
Back to file '/home/b51816/uvm/uvm-1.1d/src/uvm_pkg.sv'.
Parsing included file '/home/b51816/uvm/uvm-1.1d/src/reg/uvm_reg_model.svh'.
Parsing included file '/home/b51816/uvm/uvm-1.1d/src/reg/uvm_reg_item.svh'.
Back to file '/home/b51816/uvm/uvm-1.1d/src/reg/uvm_reg_model.svh'.
Parsing included file '/home/b51816/uvm/uvm-1.1d/src/reg/uvm_reg_adapter.svh'.
Back to file '/home/b51816/uvm/uvm-1.1d/src/reg/uvm_reg_model.svh'.
Parsing included file '/home/b51816/uvm/uvm-1.1d/src/reg/uvm_reg_predictor.svh'.
Back to file '/home/b51816/uvm/uvm-1.1d/src/reg/uvm_reg_model.svh'.
Parsing included file '/home/b51816/uvm/uvm-1.1d/src/reg/uvm_reg_sequence.svh'.
Back to file '/home/b51816/uvm/uvm-1.1d/src/reg/uvm_reg_model.svh'.
Parsing included file '/home/b51816/uvm/uvm-1.1d/src/reg/uvm_reg_cbs.svh'.
Back to file '/home/b51816/uvm/uvm-1.1d/src/reg/uvm_reg_model.svh'.
Parsing included file '/home/b51816/uvm/uvm-1.1d/src/reg/uvm_reg_backdoor.svh'.
Back to file '/home/b51816/uvm/uvm-1.1d/src/reg/uvm_reg_model.svh'.
Parsing included file '/home/b51816/uvm/uvm-1.1d/src/reg/uvm_reg_field.svh'.
Back to file '/home/b51816/uvm/uvm-1.1d/src/reg/uvm_reg_model.svh'.
Parsing included file '/home/b51816/uvm/uvm-1.1d/src/reg/uvm_vreg_field.svh'.
Back to file '/home/b51816/uvm/uvm-1.1d/src/reg/uvm_reg_model.svh'.
Parsing included file '/home/b51816/uvm/uvm-1.1d/src/reg/uvm_reg.svh'.
Back to file '/home/b51816/uvm/uvm-1.1d/src/reg/uvm_reg_model.svh'.
Parsing included file '/home/b51816/uvm/uvm-1.1d/src/reg/uvm_reg_indirect.svh'.
Back to file '/home/b51816/uvm/uvm-1.1d/src/reg/uvm_reg_model.svh'.
Parsing included file '/home/b51816/uvm/uvm-1.1d/src/reg/uvm_reg_fifo.svh'.
Back to file '/home/b51816/uvm/uvm-1.1d/src/reg/uvm_reg_model.svh'.
Parsing included file '/home/b51816/uvm/uvm-1.1d/src/reg/uvm_reg_file.svh'.
Back to file '/home/b51816/uvm/uvm-1.1d/src/reg/uvm_reg_model.svh'.
Parsing included file '/home/b51816/uvm/uvm-1.1d/src/reg/uvm_mem_mam.svh'.
Back to file '/home/b51816/uvm/uvm-1.1d/src/reg/uvm_reg_model.svh'.
Parsing included file '/home/b51816/uvm/uvm-1.1d/src/reg/uvm_vreg.svh'.
Back to file '/home/b51816/uvm/uvm-1.1d/src/reg/uvm_reg_model.svh'.
Parsing included file '/home/b51816/uvm/uvm-1.1d/src/reg/uvm_mem.svh'.
Back to file '/home/b51816/uvm/uvm-1.1d/src/reg/uvm_reg_model.svh'.
Parsing included file '/home/b51816/uvm/uvm-1.1d/src/reg/uvm_reg_map.svh'.
Back to file '/home/b51816/uvm/uvm-1.1d/src/reg/uvm_reg_model.svh'.
Parsing included file '/home/b51816/uvm/uvm-1.1d/src/reg/uvm_reg_block.svh'.
Back to file '/home/b51816/uvm/uvm-1.1d/src/reg/uvm_reg_model.svh'.
Parsing included file '/home/b51816/uvm/uvm-1.1d/src/reg/sequences/uvm_reg_hw_reset_seq.svh'.
Back to file '/home/b51816/uvm/uvm-1.1d/src/reg/uvm_reg_model.svh'.
Parsing included file '/home/b51816/uvm/uvm-1.1d/src/reg/sequences/uvm_reg_bit_bash_seq.svh'.
Back to file '/home/b51816/uvm/uvm-1.1d/src/reg/uvm_reg_model.svh'.
Parsing included file '/home/b51816/uvm/uvm-1.1d/src/reg/sequences/uvm_mem_walk_seq.svh'.
Back to file '/home/b51816/uvm/uvm-1.1d/src/reg/uvm_reg_model.svh'.
Parsing included file '/home/b51816/uvm/uvm-1.1d/src/reg/sequences/uvm_mem_access_seq.svh'.
Back to file '/home/b51816/uvm/uvm-1.1d/src/reg/uvm_reg_model.svh'.
Parsing included file '/home/b51816/uvm/uvm-1.1d/src/reg/sequences/uvm_reg_access_seq.svh'.
Back to file '/home/b51816/uvm/uvm-1.1d/src/reg/uvm_reg_model.svh'.
Parsing included file '/home/b51816/uvm/uvm-1.1d/src/reg/sequences/uvm_reg_mem_shared_access_seq.svh'.
Back to file '/home/b51816/uvm/uvm-1.1d/src/reg/uvm_reg_model.svh'.
Parsing included file '/home/b51816/uvm/uvm-1.1d/src/reg/sequences/uvm_reg_mem_built_in_seq.svh'.
Back to file '/home/b51816/uvm/uvm-1.1d/src/reg/uvm_reg_model.svh'.
Parsing included file '/home/b51816/uvm/uvm-1.1d/src/reg/sequences/uvm_reg_mem_hdl_paths_seq.svh'.
Back to file '/home/b51816/uvm/uvm-1.1d/src/reg/uvm_reg_model.svh'.
Back to file '/home/b51816/uvm/uvm-1.1d/src/uvm_pkg.sv'.
Parsing design file '/home/b51816/my_git/repository/jay_uvm/jay_dut/snvs_lp_zmk_ff.v'
Parsing design file '/home/b51816/my_git/repository/jay_uvm/jay_dut/snvs_lp_zmk.v'
Parsing included file '/home/b51816/my_git/repository/jay_uvm/jay_dut/snvs_params.vh'.
Back to file '/home/b51816/my_git/repository/jay_uvm/jay_dut/snvs_lp_zmk.v'.
Parsing design file '/home/b51816/my_git/repository/jay_uvm/jay_if/zmk_if.sv'
Parsing design file '/home/b51816/my_git/repository/jay_uvm/jay_top/top_tb.sv'
Parsing included file '/home/b51816/uvm/uvm-1.1d/src/uvm_macros.svh'.
Back to file '/home/b51816/my_git/repository/jay_uvm/jay_top/top_tb.sv'.
Parsing included file '/home/b51816/my_git/repository/jay_uvm/jay_trans/zmk_transaction.sv'.
Back to file '/home/b51816/my_git/repository/jay_uvm/jay_top/top_tb.sv'.
Parsing included file '/home/b51816/my_git/repository/jay_uvm/jay_driver/zmk_driver.sv'.
Back to file '/home/b51816/my_git/repository/jay_uvm/jay_top/top_tb.sv'.
Parsing included file '/home/b51816/my_git/repository/jay_uvm/jay_monitor/zmk_monitor.sv'.
Back to file '/home/b51816/my_git/repository/jay_uvm/jay_top/top_tb.sv'.
Parsing included file '/home/b51816/my_git/repository/jay_uvm/jay_sequencer/zmk_sequencer.sv'.
Back to file '/home/b51816/my_git/repository/jay_uvm/jay_top/top_tb.sv'.
Parsing included file '/home/b51816/my_git/repository/jay_uvm/jay_sequencer/zmk_sequence_0.sv'.
Back to file '/home/b51816/my_git/repository/jay_uvm/jay_top/top_tb.sv'.
Parsing included file '/home/b51816/my_git/repository/jay_uvm/jay_monitor/zmk_input_monitor.sv'.
Back to file '/home/b51816/my_git/repository/jay_uvm/jay_top/top_tb.sv'.
Parsing included file '/home/b51816/my_git/repository/jay_uvm/jay_agent/zmk_agent.sv'.
Back to file '/home/b51816/my_git/repository/jay_uvm/jay_top/top_tb.sv'.
Parsing included file '/home/b51816/my_git/repository/jay_uvm/jay_reference/zmk_ref_model.sv'.
Back to file '/home/b51816/my_git/repository/jay_uvm/jay_top/top_tb.sv'.
Parsing included file '/home/b51816/my_git/repository/jay_uvm/jay_scoreboard/zmk_scoreboard.sv'.
Back to file '/home/b51816/my_git/repository/jay_uvm/jay_top/top_tb.sv'.
Parsing included file '/home/b51816/my_git/repository/jay_uvm/jay_env/zmk_env.sv'.
Back to file '/home/b51816/my_git/repository/jay_uvm/jay_top/top_tb.sv'.
Parsing included file '/home/b51816/my_git/repository/jay_uvm/jay_test/base_test.sv'.
Back to file '/home/b51816/my_git/repository/jay_uvm/jay_top/top_tb.sv'.
Parsing included file '/home/b51816/my_git/repository/jay_uvm/jay_test/base_test1.sv'.
Back to file '/home/b51816/my_git/repository/jay_uvm/jay_top/top_tb.sv'.
Top Level Modules:
       top_tb
TimeScale is 1 ns / 1 ps
Starting vcs inline pass...
4 modules and 0 UDP read.
	However, due to incremental compilation, only 2 modules need to be compiled.
recompiling package uvm_pkg because:
	This module or some inlined child module(s) has/have been modified.
recompiling module top_tb because:
	Cross module references have been changed, added or deleted.
All of 3 modules done
ld -r -m elf_i386 -o pre_vcsobj_1_1.o --whole-archive pre_vcsobj_1_1.a --no-whole-archive
if [ -x ../simv ]; then chmod -x ../simv; fi
g++  -o ../simv -melf_i386 -m32   -Wl,-whole-archive    -Wl,-no-whole-archive  uvm_dpi.o  _vcsobj_1_1.o  5NrI_d.o 5NrIB_d.o SIM_l.o   pre_vcsobj_1_1.o  rmapats_mop.o rmapats.o      /run/pkg/synopsys-vcs-/E-2011.03-3/linux/lib/libvirsim.so /run/pkg/synopsys-vcs-/E-2011.03-3/linux/lib/librterrorinf.so /run/pkg/synopsys-vcs-/E-2011.03-3/linux/lib/libsnpsmalloc.so     /run/pkg/synopsys-vcs-/E-2011.03-3/linux/lib/libvcsnew.so /run/pkg/synopsys-vcs-/E-2011.03-3/linux/lib/libuclinative.so         /run/pkg/synopsys-vcs-/E-2011.03-3/linux/lib/vcs_save_restore_new.o /run/pkg/synopsys-vcs-/E-2011.03-3/linux/lib/ctype-stubs_32.a -ldl  -lc -lm -lpthread -ldl 
../simv up to date
CPU time: 5.627 seconds to compile + .018 seconds to elab + .187 seconds to link
Chronologic VCS simulator copyright 1991-2011
Contains Synopsys proprietary information.
Compiler version E-2011.03-3; Runtime version E-2011.03-3;  May  9 15:31 2016
----------------------------------------------------------------
UVM-1.1d
(C) 2007-2013 Mentor Graphics Corporation
(C) 2007-2013 Cadence Design Systems, Inc.
(C) 2006-2013 Synopsys, Inc.
(C) 2011-2013 Cypress Semiconductor Corp.
----------------------------------------------------------------

  ***********       IMPORTANT RELEASE NOTES         ************

  You are using a version of the UVM library that has been compiled
  with `UVM_NO_DEPRECATED undefined.
  See http://www.eda.org/svdb/view.php?id=3313 for more details.

  You are using a version of the UVM library that has been compiled
  with `UVM_OBJECT_MUST_HAVE_CONSTRUCTOR undefined.
  See http://www.eda.org/svdb/view.php?id=3770 for more details.

      (Specify +UVM_NO_RELNOTES to turn off this notice)

UVM_INFO @ 0: reporter [RNTST] Running test base_test...
UVM_INFO /home/b51816/uvm/uvm-1.1d/src/base/uvm_phase.svh(1124) @ 0: reporter [PH/TRC/STRT] Phase 'common' (id=172) Starting phase
UVM_INFO /home/b51816/uvm/uvm-1.1d/src/base/uvm_phase.svh(1381) @ 0: reporter [PH/TRC/DONE] Phase 'common' (id=172) Completed phase
UVM_INFO /home/b51816/uvm/uvm-1.1d/src/base/uvm_phase.svh(1403) @ 0: reporter [PH/TRC/SCHEDULED] Phase 'common.build' (id=190) Scheduled from phase common
UVM_INFO /home/b51816/uvm/uvm-1.1d/src/base/uvm_phase.svh(1124) @ 0: reporter [PH/TRC/STRT] Phase 'common.build' (id=190) Starting phase
UVM_INFO /home/b51816/my_git/repository/jay_uvm/jay_test/base_test.sv(27) @ 0: uvm_test_top [phase_started] current phase name is build
UVM_INFO /home/b51816/my_git/repository/jay_uvm/jay_driver/zmk_driver.sv(10) @ 0: uvm_test_top.env.i_agt.drv [zmk_driver] build phase start
UVM_INFO /home/b51816/uvm/uvm-1.1d/src/base/uvm_phase.svh(1381) @ 0: reporter [PH/TRC/DONE] Phase 'common.build' (id=190) Completed phase
UVM_INFO /home/b51816/uvm/uvm-1.1d/src/base/uvm_phase.svh(1403) @ 0: reporter [PH/TRC/SCHEDULED] Phase 'common.connect' (id=202) Scheduled from phase common.build
UVM_INFO /home/b51816/uvm/uvm-1.1d/src/base/uvm_phase.svh(1124) @ 0: reporter [PH/TRC/STRT] Phase 'common.connect' (id=202) Starting phase
UVM_INFO /home/b51816/my_git/repository/jay_uvm/jay_test/base_test.sv(27) @ 0: uvm_test_top [phase_started] current phase name is connect
UVM_INFO @ 0: uvm_test_top [CFGNRD]  ::: The following resources have at least one write and no reads :::
default_sequence [/^uvm_test_top\.env\.i_agt\.sqr\.main_phase$/] : (class uvm_pkg::uvm_object_wrapper) ?
-  
  --------
  uvm_test_top reads: 0 @ 0  writes: 1 @ 0
 
UVM_INFO @ 0: uvm_test_top [CFGPRT] visible resources:
<none>
UVM_INFO @ 0: uvm_test_top.env [CFGPRT] visible resources:
<none>
UVM_INFO @ 0: uvm_test_top.env.agt_mdl_fifo [CFGPRT] visible resources:
<none>
UVM_INFO @ 0: uvm_test_top.env.agt_mdl_fifo.analysis_export [CFGPRT] visible resources:
<none>
UVM_INFO @ 0: uvm_test_top.env.agt_mdl_fifo.get_ap [CFGPRT] visible resources:
<none>
UVM_INFO @ 0: uvm_test_top.env.agt_mdl_fifo.get_peek_export [CFGPRT] visible resources:
<none>
UVM_INFO @ 0: uvm_test_top.env.agt_mdl_fifo.put_ap [CFGPRT] visible resources:
<none>
UVM_INFO @ 0: uvm_test_top.env.agt_mdl_fifo.put_export [CFGPRT] visible resources:
<none>
UVM_INFO @ 0: uvm_test_top.env.i_agt [CFGPRT] visible resources:
<none>
UVM_INFO @ 0: uvm_test_top.env.i_agt.drv [CFGPRT] visible resources:
vif [/^uvm_test_top\.env\.i_agt\.drv$/] : (virtual interface zmk_if) ?
-  
UVM_INFO @ 0: uvm_test_top.env.i_agt.drv.rsp_port [CFGPRT] visible resources:
<none>
UVM_INFO @ 0: uvm_test_top.env.i_agt.drv.seq_item_port [CFGPRT] visible resources:
<none>
UVM_INFO @ 0: uvm_test_top.env.i_agt.mon [CFGPRT] visible resources:
vif [/^uvm_test_top\.env\.i_agt\.mon$/] : (virtual interface zmk_if) ?
-  
UVM_INFO @ 0: uvm_test_top.env.i_agt.mon.ap [CFGPRT] visible resources:
<none>
UVM_INFO @ 0: uvm_test_top.env.i_agt.sqr [CFGPRT] visible resources:
<none>
UVM_INFO @ 0: uvm_test_top.env.i_agt.sqr.req_fifo [CFGPRT] visible resources:
<none>
UVM_INFO @ 0: uvm_test_top.env.i_agt.sqr.req_fifo.get_ap [CFGPRT] visible resources:
<none>
UVM_INFO @ 0: uvm_test_top.env.i_agt.sqr.req_fifo.get_peek_export [CFGPRT] visible resources:
<none>
UVM_INFO @ 0: uvm_test_top.env.i_agt.sqr.req_fifo.put_ap [CFGPRT] visible resources:
<none>
UVM_INFO @ 0: uvm_test_top.env.i_agt.sqr.req_fifo.put_export [CFGPRT] visible resources:
<none>
UVM_INFO @ 0: uvm_test_top.env.i_agt.sqr.rsp_export [CFGPRT] visible resources:
<none>
UVM_INFO @ 0: uvm_test_top.env.i_agt.sqr.seq_item_export [CFGPRT] visible resources:
<none>
UVM_INFO @ 0: uvm_test_top.env.i_agt.sqr.sqr_rsp_analysis_fifo [CFGPRT] visible resources:
<none>
UVM_INFO @ 0: uvm_test_top.env.i_agt.sqr.sqr_rsp_analysis_fifo.analysis_export [CFGPRT] visible resources:
<none>
UVM_INFO @ 0: uvm_test_top.env.i_agt.sqr.sqr_rsp_analysis_fifo.get_ap [CFGPRT] visible resources:
<none>
UVM_INFO @ 0: uvm_test_top.env.i_agt.sqr.sqr_rsp_analysis_fifo.get_peek_export [CFGPRT] visible resources:
<none>
UVM_INFO @ 0: uvm_test_top.env.i_agt.sqr.sqr_rsp_analysis_fifo.put_ap [CFGPRT] visible resources:
<none>
UVM_INFO @ 0: uvm_test_top.env.i_agt.sqr.sqr_rsp_analysis_fifo.put_export [CFGPRT] visible resources:
<none>
UVM_INFO @ 0: uvm_test_top.env.mdl_sco_fifo [CFGPRT] visible resources:
<none>
UVM_INFO @ 0: uvm_test_top.env.mdl_sco_fifo.analysis_export [CFGPRT] visible resources:
<none>
UVM_INFO @ 0: uvm_test_top.env.mdl_sco_fifo.get_ap [CFGPRT] visible resources:
<none>
UVM_INFO @ 0: uvm_test_top.env.mdl_sco_fifo.get_peek_export [CFGPRT] visible resources:
<none>
UVM_INFO @ 0: uvm_test_top.env.mdl_sco_fifo.put_ap [CFGPRT] visible resources:
<none>
UVM_INFO @ 0: uvm_test_top.env.mdl_sco_fifo.put_export [CFGPRT] visible resources:
<none>
UVM_INFO @ 0: uvm_test_top.env.mon_sco_fifo [CFGPRT] visible resources:
<none>
UVM_INFO @ 0: uvm_test_top.env.mon_sco_fifo.analysis_export [CFGPRT] visible resources:
<none>
UVM_INFO @ 0: uvm_test_top.env.mon_sco_fifo.get_ap [CFGPRT] visible resources:
<none>
UVM_INFO @ 0: uvm_test_top.env.mon_sco_fifo.get_peek_export [CFGPRT] visible resources:
<none>
UVM_INFO @ 0: uvm_test_top.env.mon_sco_fifo.put_ap [CFGPRT] visible resources:
<none>
UVM_INFO @ 0: uvm_test_top.env.mon_sco_fifo.put_export [CFGPRT] visible resources:
<none>
UVM_INFO @ 0: uvm_test_top.env.out_monitor [CFGPRT] visible resources:
vif [/^uvm_test_top\.env\.out_monitor$/] : (virtual interface zmk_if) ?
-  
UVM_INFO @ 0: uvm_test_top.env.out_monitor.ap [CFGPRT] visible resources:
<none>
UVM_INFO @ 0: uvm_test_top.env.ref_model [CFGPRT] visible resources:
<none>
UVM_INFO @ 0: uvm_test_top.env.ref_model.ap [CFGPRT] visible resources:
<none>
UVM_INFO @ 0: uvm_test_top.env.ref_model.port [CFGPRT] visible resources:
<none>
UVM_INFO @ 0: uvm_test_top.env.scoreboard [CFGPRT] visible resources:
<none>
UVM_INFO @ 0: uvm_test_top.env.scoreboard.act_port [CFGPRT] visible resources:
<none>
UVM_INFO @ 0: uvm_test_top.env.scoreboard.exp_port [CFGPRT] visible resources:
<none>
UVM_INFO /home/b51816/uvm/uvm-1.1d/src/base/uvm_phase.svh(1381) @ 0: reporter [PH/TRC/DONE] Phase 'common.connect' (id=202) Completed phase
UVM_INFO /home/b51816/uvm/uvm-1.1d/src/base/uvm_phase.svh(1403) @ 0: reporter [PH/TRC/SCHEDULED] Phase 'common.end_of_elaboration' (id=214) Scheduled from phase common.connect
UVM_INFO /home/b51816/uvm/uvm-1.1d/src/base/uvm_phase.svh(1124) @ 0: reporter [PH/TRC/STRT] Phase 'common.end_of_elaboration' (id=214) Starting phase
UVM_INFO /home/b51816/my_git/repository/jay_uvm/jay_test/base_test.sv(27) @ 0: uvm_test_top [phase_started] current phase name is end_of_elaboration
UVM_INFO /home/b51816/uvm/uvm-1.1d/src/base/uvm_phase.svh(1381) @ 0: reporter [PH/TRC/DONE] Phase 'common.end_of_elaboration' (id=214) Completed phase
UVM_INFO /home/b51816/uvm/uvm-1.1d/src/base/uvm_phase.svh(1403) @ 0: reporter [PH/TRC/SCHEDULED] Phase 'common.start_of_simulation' (id=226) Scheduled from phase common.end_of_elaboration
UVM_INFO /home/b51816/uvm/uvm-1.1d/src/base/uvm_phase.svh(1124) @ 0: reporter [PH/TRC/STRT] Phase 'common.start_of_simulation' (id=226) Starting phase
UVM_INFO /home/b51816/my_git/repository/jay_uvm/jay_test/base_test.sv(27) @ 0: uvm_test_top [phase_started] current phase name is start_of_simulation
UVM_INFO /home/b51816/uvm/uvm-1.1d/src/base/uvm_phase.svh(1381) @ 0: reporter [PH/TRC/DONE] Phase 'common.start_of_simulation' (id=226) Completed phase
UVM_INFO /home/b51816/uvm/uvm-1.1d/src/base/uvm_phase.svh(1403) @ 0: reporter [PH/TRC/SCHEDULED] Phase 'common.run' (id=238) Scheduled from phase common.start_of_simulation
UVM_INFO /home/b51816/uvm/uvm-1.1d/src/base/uvm_phase.svh(1403) @ 0: reporter [PH/TRC/SCHEDULED] Phase 'uvm' (id=287) Scheduled from phase common.start_of_simulation
UVM_INFO /home/b51816/uvm/uvm-1.1d/src/base/uvm_phase.svh(1124) @ 0: reporter [PH/TRC/STRT] Phase 'common.run' (id=238) Starting phase
UVM_INFO /home/b51816/my_git/repository/jay_uvm/jay_test/base_test.sv(27) @ 0: uvm_test_top [phase_started] current phase name is run
UVM_INFO /home/b51816/uvm/uvm-1.1d/src/base/uvm_phase.svh(1124) @ 0: reporter [PH/TRC/STRT] Phase 'uvm' (id=287) Starting phase
UVM_INFO /home/b51816/uvm/uvm-1.1d/src/base/uvm_phase.svh(1381) @ 0: reporter [PH/TRC/DONE] Phase 'uvm' (id=287) Completed phase
UVM_INFO /home/b51816/uvm/uvm-1.1d/src/base/uvm_phase.svh(1403) @ 0: reporter [PH/TRC/SCHEDULED] Phase 'uvm.uvm_sched' (id=299) Scheduled from phase uvm
UVM_INFO /home/b51816/uvm/uvm-1.1d/src/base/uvm_phase.svh(1124) @ 0: reporter [PH/TRC/STRT] Phase 'uvm.uvm_sched' (id=299) Starting phase
UVM_INFO /home/b51816/uvm/uvm-1.1d/src/base/uvm_phase.svh(1381) @ 0: reporter [PH/TRC/DONE] Phase 'uvm.uvm_sched' (id=299) Completed phase
UVM_INFO /home/b51816/uvm/uvm-1.1d/src/base/uvm_phase.svh(1403) @ 0: reporter [PH/TRC/SCHEDULED] Phase 'uvm.uvm_sched.pre_reset' (id=317) Scheduled from phase uvm.uvm_sched
UVM_INFO /home/b51816/uvm/uvm-1.1d/src/base/uvm_phase.svh(1124) @ 0: reporter [PH/TRC/STRT] Phase 'uvm.uvm_sched.pre_reset' (id=317) Starting phase
UVM_INFO /home/b51816/my_git/repository/jay_uvm/jay_test/base_test.sv(27) @ 0: uvm_test_top [phase_started] current phase name is pre_reset
UVM_INFO /home/b51816/uvm/uvm-1.1d/src/base/uvm_phase.svh(1203) @ 0: reporter [PH/TRC/SKIP] Phase 'uvm.uvm_sched.pre_reset' (id=317) No objections raised, skipping phase
UVM_INFO /home/b51816/uvm/uvm-1.1d/src/base/uvm_phase.svh(1203) @ 0: reporter [PH/TRC/SKIP] Phase 'common.run' (id=238) No objections raised, skipping phase
UVM_INFO /home/b51816/uvm/uvm-1.1d/src/base/uvm_phase.svh(1381) @ 0: reporter [PH/TRC/DONE] Phase 'uvm.uvm_sched.pre_reset' (id=317) Completed phase
UVM_INFO /home/b51816/uvm/uvm-1.1d/src/base/uvm_phase.svh(1403) @ 0: reporter [PH/TRC/SCHEDULED] Phase 'uvm.uvm_sched.reset' (id=329) Scheduled from phase uvm.uvm_sched.pre_reset
UVM_INFO /home/b51816/uvm/uvm-1.1d/src/base/uvm_phase.svh(1124) @ 0: reporter [PH/TRC/STRT] Phase 'uvm.uvm_sched.reset' (id=329) Starting phase
UVM_INFO /home/b51816/my_git/repository/jay_uvm/jay_test/base_test.sv(27) @ 0: uvm_test_top [phase_started] current phase name is reset
UVM_INFO @ 0: reset_objection [OBJTN_TRC] Object uvm_test_top.env.i_agt.drv raised 1 objection(s): count=1  total=1
UVM_INFO @ 0: reset_objection [OBJTN_TRC] Object uvm_test_top.env.i_agt added 1 objection(s) to its total (raised from source object ): count=0  total=1
UVM_INFO @ 0: reset_objection [OBJTN_TRC] Object uvm_test_top.env added 1 objection(s) to its total (raised from source object ): count=0  total=1
UVM_INFO @ 0: reset_objection [OBJTN_TRC] Object uvm_test_top added 1 objection(s) to its total (raised from source object uvm_test_top.env.i_agt.drv): count=0  total=1
UVM_INFO @ 0: reset_objection [OBJTN_TRC] Object uvm_top added 1 objection(s) to its total (raised from source object uvm_test_top.env.i_agt.drv): count=0  total=1
UVM_INFO /home/b51816/my_git/repository/jay_uvm/jay_driver/zmk_driver.sv(17) @ 0: uvm_test_top.env.i_agt.drv [zmk_driver] reset phase
UVM_INFO /home/b51816/my_git/repository/jay_uvm/jay_driver/zmk_driver.sv(18) @ 0: uvm_test_top.env.i_agt.drv [zmk_driver] Waiting for reset
UVM_INFO /home/b51816/my_git/repository/jay_uvm/jay_driver/zmk_driver.sv(22) @ 700000: uvm_test_top.env.i_agt.drv [zmk_driver] reset finished
UVM_INFO @ 700000: reset_objection [OBJTN_TRC] Object uvm_test_top.env.i_agt.drv dropped 1 objection(s): count=0  total=0
UVM_INFO @ 700000: reset_objection [OBJTN_TRC] Object uvm_test_top.env.i_agt.drv all_dropped 1 objection(s): count=0  total=0
UVM_INFO @ 700000: reset_objection [OBJTN_TRC] Object uvm_test_top.env.i_agt subtracted 1 objection(s) from its total (dropped from source object ): count=0  total=0
UVM_INFO @ 700000: reset_objection [OBJTN_TRC] Object uvm_test_top.env.i_agt subtracted 1 objection(s) from its total (all_dropped from source object ): count=0  total=0
UVM_INFO @ 700000: reset_objection [OBJTN_TRC] Object uvm_test_top.env subtracted 1 objection(s) from its total (dropped from source object ): count=0  total=0
UVM_INFO @ 700000: reset_objection [OBJTN_TRC] Object uvm_test_top.env subtracted 1 objection(s) from its total (all_dropped from source object ): count=0  total=0
UVM_INFO @ 700000: reset_objection [OBJTN_TRC] Object uvm_test_top subtracted 1 objection(s) from its total (dropped from source object uvm_test_top.env.i_agt.drv): count=0  total=0
UVM_INFO @ 700000: reset_objection [OBJTN_TRC] Object uvm_test_top subtracted 1 objection(s) from its total (all_dropped from source object uvm_test_top.env.i_agt.drv): count=0  total=0
UVM_INFO @ 700000: reset_objection [OBJTN_TRC] Object uvm_top subtracted 1 objection(s) from its total (dropped from source object uvm_test_top.env.i_agt.drv): count=0  total=0
UVM_INFO @ 700000: reset_objection [OBJTN_TRC] Object uvm_top subtracted 1 objection(s) from its total (all_dropped from source object uvm_test_top.env.i_agt.drv): count=0  total=0
UVM_INFO /home/b51816/uvm/uvm-1.1d/src/base/uvm_phase.svh(1381) @ 700000: reporter [PH/TRC/DONE] Phase 'uvm.uvm_sched.reset' (id=329) Completed phase
UVM_INFO /home/b51816/uvm/uvm-1.1d/src/base/uvm_phase.svh(1403) @ 700000: reporter [PH/TRC/SCHEDULED] Phase 'uvm.uvm_sched.post_reset' (id=341) Scheduled from phase uvm.uvm_sched.reset
UVM_INFO /home/b51816/uvm/uvm-1.1d/src/base/uvm_phase.svh(1124) @ 700000: reporter [PH/TRC/STRT] Phase 'uvm.uvm_sched.post_reset' (id=341) Starting phase
UVM_INFO /home/b51816/my_git/repository/jay_uvm/jay_test/base_test.sv(27) @ 700000: uvm_test_top [phase_started] current phase name is post_reset
UVM_INFO /home/b51816/uvm/uvm-1.1d/src/base/uvm_phase.svh(1203) @ 700000: reporter [PH/TRC/SKIP] Phase 'uvm.uvm_sched.post_reset' (id=341) No objections raised, skipping phase
UVM_INFO /home/b51816/uvm/uvm-1.1d/src/base/uvm_phase.svh(1381) @ 700000: reporter [PH/TRC/DONE] Phase 'uvm.uvm_sched.post_reset' (id=341) Completed phase
UVM_INFO /home/b51816/uvm/uvm-1.1d/src/base/uvm_phase.svh(1403) @ 700000: reporter [PH/TRC/SCHEDULED] Phase 'uvm.uvm_sched.pre_configure' (id=353) Scheduled from phase uvm.uvm_sched.post_reset
UVM_INFO /home/b51816/uvm/uvm-1.1d/src/base/uvm_phase.svh(1124) @ 700000: reporter [PH/TRC/STRT] Phase 'uvm.uvm_sched.pre_configure' (id=353) Starting phase
UVM_INFO /home/b51816/my_git/repository/jay_uvm/jay_test/base_test.sv(27) @ 700000: uvm_test_top [phase_started] current phase name is pre_configure
UVM_INFO /home/b51816/uvm/uvm-1.1d/src/base/uvm_phase.svh(1203) @ 700000: reporter [PH/TRC/SKIP] Phase 'uvm.uvm_sched.pre_configure' (id=353) No objections raised, skipping phase
UVM_INFO /home/b51816/uvm/uvm-1.1d/src/base/uvm_phase.svh(1381) @ 700000: reporter [PH/TRC/DONE] Phase 'uvm.uvm_sched.pre_configure' (id=353) Completed phase
UVM_INFO /home/b51816/uvm/uvm-1.1d/src/base/uvm_phase.svh(1403) @ 700000: reporter [PH/TRC/SCHEDULED] Phase 'uvm.uvm_sched.configure' (id=365) Scheduled from phase uvm.uvm_sched.pre_configure
UVM_INFO /home/b51816/uvm/uvm-1.1d/src/base/uvm_phase.svh(1124) @ 700000: reporter [PH/TRC/STRT] Phase 'uvm.uvm_sched.configure' (id=365) Starting phase
UVM_INFO /home/b51816/my_git/repository/jay_uvm/jay_test/base_test.sv(27) @ 700000: uvm_test_top [phase_started] current phase name is configure
UVM_INFO /home/b51816/uvm/uvm-1.1d/src/base/uvm_phase.svh(1203) @ 700000: reporter [PH/TRC/SKIP] Phase 'uvm.uvm_sched.configure' (id=365) No objections raised, skipping phase
UVM_INFO /home/b51816/uvm/uvm-1.1d/src/base/uvm_phase.svh(1381) @ 700000: reporter [PH/TRC/DONE] Phase 'uvm.uvm_sched.configure' (id=365) Completed phase
UVM_INFO /home/b51816/uvm/uvm-1.1d/src/base/uvm_phase.svh(1403) @ 700000: reporter [PH/TRC/SCHEDULED] Phase 'uvm.uvm_sched.post_configure' (id=377) Scheduled from phase uvm.uvm_sched.configure
UVM_INFO /home/b51816/uvm/uvm-1.1d/src/base/uvm_phase.svh(1124) @ 700000: reporter [PH/TRC/STRT] Phase 'uvm.uvm_sched.post_configure' (id=377) Starting phase
UVM_INFO /home/b51816/my_git/repository/jay_uvm/jay_test/base_test.sv(27) @ 700000: uvm_test_top [phase_started] current phase name is post_configure
UVM_INFO /home/b51816/uvm/uvm-1.1d/src/base/uvm_phase.svh(1203) @ 700000: reporter [PH/TRC/SKIP] Phase 'uvm.uvm_sched.post_configure' (id=377) No objections raised, skipping phase
UVM_INFO /home/b51816/uvm/uvm-1.1d/src/base/uvm_phase.svh(1381) @ 700000: reporter [PH/TRC/DONE] Phase 'uvm.uvm_sched.post_configure' (id=377) Completed phase
UVM_INFO /home/b51816/uvm/uvm-1.1d/src/base/uvm_phase.svh(1403) @ 700000: reporter [PH/TRC/SCHEDULED] Phase 'uvm.uvm_sched.pre_main' (id=389) Scheduled from phase uvm.uvm_sched.post_configure
UVM_INFO /home/b51816/uvm/uvm-1.1d/src/base/uvm_phase.svh(1124) @ 700000: reporter [PH/TRC/STRT] Phase 'uvm.uvm_sched.pre_main' (id=389) Starting phase
UVM_INFO /home/b51816/my_git/repository/jay_uvm/jay_test/base_test.sv(27) @ 700000: uvm_test_top [phase_started] current phase name is pre_main
UVM_INFO /home/b51816/uvm/uvm-1.1d/src/base/uvm_phase.svh(1203) @ 700000: reporter [PH/TRC/SKIP] Phase 'uvm.uvm_sched.pre_main' (id=389) No objections raised, skipping phase
UVM_INFO /home/b51816/uvm/uvm-1.1d/src/base/uvm_phase.svh(1381) @ 700000: reporter [PH/TRC/DONE] Phase 'uvm.uvm_sched.pre_main' (id=389) Completed phase
UVM_INFO /home/b51816/uvm/uvm-1.1d/src/base/uvm_phase.svh(1403) @ 700000: reporter [PH/TRC/SCHEDULED] Phase 'uvm.uvm_sched.main' (id=401) Scheduled from phase uvm.uvm_sched.pre_main
UVM_INFO /home/b51816/uvm/uvm-1.1d/src/base/uvm_phase.svh(1124) @ 700000: reporter [PH/TRC/STRT] Phase 'uvm.uvm_sched.main' (id=401) Starting phase
UVM_INFO /home/b51816/my_git/repository/jay_uvm/jay_test/base_test.sv(27) @ 700000: uvm_test_top [phase_started] current phase name is main
UVM_INFO /home/b51816/my_git/repository/jay_uvm/jay_test/base_test.sv(29) @ 700000: uvm_test_top [BASE_TEST] Before Main Phase
UVM_INFO /home/b51816/my_git/repository/jay_uvm/jay_driver/zmk_driver.sv(33) @ 700000: uvm_test_top.env.i_agt.drv [zmk_driver] main phase start
UVM_INFO @ 700000: main_objection [OBJTN_TRC] Object uvm_test_top.env raised 1 objection(s): count=1  total=1
UVM_INFO @ 700000: main_objection [OBJTN_TRC] Object uvm_test_top added 1 objection(s) to its total (raised from source object uvm_test_top.env): count=0  total=1
UVM_INFO @ 700000: main_objection [OBJTN_TRC] Object uvm_top added 1 objection(s) to its total (raised from source object uvm_test_top.env): count=0  total=1
UVM_INFO @ 700000: main_objection [OBJTN_TRC] Object uvm_test_top raised 1 objection(s): count=1  total=2
UVM_INFO @ 700000: main_objection [OBJTN_TRC] Object uvm_top added 1 objection(s) to its total (raised from source object uvm_test_top): count=0  total=2
UVM_INFO @ 700000: main_objection [OBJTN_TRC] Object uvm_test_top.env.i_agt.sqr.zmk_sequence_0 raised 1 objection(s): count=1  total=1
UVM_INFO @ 700000: main_objection [OBJTN_TRC] Object uvm_test_top.env.i_agt.sqr added 1 objection(s) to its total (raised from source object ): count=0  total=1
UVM_INFO @ 700000: main_objection [OBJTN_TRC] Object uvm_test_top.env.i_agt added 1 objection(s) to its total (raised from source object ): count=0  total=1
UVM_INFO @ 700000: main_objection [OBJTN_TRC] Object uvm_test_top.env added 1 objection(s) to its total (raised from source object ): count=1  total=2
UVM_INFO @ 700000: main_objection [OBJTN_TRC] Object uvm_test_top added 1 objection(s) to its total (raised from source object uvm_test_top.env.i_agt.sqr.zmk_sequence_0): count=1  total=3
UVM_INFO @ 700000: main_objection [OBJTN_TRC] Object uvm_top added 1 objection(s) to its total (raised from source object uvm_test_top.env.i_agt.sqr.zmk_sequence_0): count=0  total=3
UVM_INFO @ 700000: main_objection [OBJTN_TRC] Object uvm_test_top.env dropped 1 objection(s): count=0  total=1
UVM_INFO @ 700000: main_objection [OBJTN_TRC] Object uvm_test_top subtracted 1 objection(s) from its total (dropped from source object uvm_test_top.env): count=1  total=2
UVM_INFO @ 700000: main_objection [OBJTN_TRC] Object uvm_top subtracted 1 objection(s) from its total (dropped from source object uvm_test_top.env): count=0  total=2
generating key : 900d900da2896af54231bc4fa493e7e970c5bb9ad343dd01212a060b5a5a5a5a
collect zmk_key 0000000000000000000000000000000000000000000000000000000000000000
collect zmk_key 0000000000000000000000000000000000000000000000000000000000000000
collect zmk_key 0000000000000000000000000000000000000000000000000000000000000000
write_select: 10000000  w_data: 900d900d
collect zmk_key 0000000000000000000000000000000000000000000000000000000000000000
UVM_INFO /home/b51816/my_git/repository/jay_uvm/jay_monitor/zmk_input_monitor.sv(37) @ 1700000: uvm_test_top.env.i_agt.mon [zmk_input_monitor] begin to collect one pkt
write_select: 01000000  w_data: a2896af5
collect zmk_key 0000000000000000000000000000000000000000000000000000000000000000
write_select: 00100000  w_data: 4231bc4f
collect zmk_key 900d900d00000000000000000000000000000000000000000000000000000000
write_select: 00010000  w_data: a493e7e9
collect zmk_key 900d900da2896af5000000000000000000000000000000000000000000000000
write_select: 00001000  w_data: 70c5bb9a
collect zmk_key 900d900da2896af54231bc4f0000000000000000000000000000000000000000
write_select: 00000100  w_data: d343dd01
collect zmk_key 900d900da2896af54231bc4fa493e7e900000000000000000000000000000000
write_select: 00000010  w_data: 212a060b
collect zmk_key 900d900da2896af54231bc4fa493e7e970c5bb9a000000000000000000000000
write_select: 00000001  w_data: 5a5a5a5a
collect zmk_key 900d900da2896af54231bc4fa493e7e970c5bb9ad343dd010000000000000000
collect zmk_key 900d900da2896af54231bc4fa493e7e970c5bb9ad343dd01212a060b00000000
generating key : 900d900dd03a89a1b01705cd99c19b778749cb23de7f4cd577743bfe5a5a5a5a
UVM_INFO /home/b51816/my_git/repository/jay_uvm/jay_monitor/zmk_input_monitor.sv(53) @ 3300000: uvm_test_top.env.i_agt.mon [zmk_input_monitor] end of collecting one pkt
zmk_input_monitor: collect one pkt 900d900da2896af54231bc4fa493e7e970c5bb9ad343dd01212a060b5a5a5a5a
collect zmk_key 900d900da2896af54231bc4fa493e7e970c5bb9ad343dd01212a060b5a5a5a5a
UVM_INFO /home/b51816/my_git/repository/jay_uvm/jay_reference/zmk_ref_model.sv(25) @ 3300000: uvm_test_top.env.ref_model [zmk_ref_model] get one transaction
----------------------------------------------------------------------------------------------------
Name       Type             Size  Value                                                             
----------------------------------------------------------------------------------------------------
tr         zmk_transaction  -     @958                                                              
  zmk_key  integral         256   'h900d900da2896af54231bc4fa493e7e970c5bb9ad343dd01212a060b5a5a5a5a
----------------------------------------------------------------------------------------------------
UVM_INFO /home/b51816/my_git/repository/jay_uvm/jay_scoreboard/zmk_scoreboard.sv(38) @ 3300000: uvm_test_top.env.scoreboard [zmk_scoreboard] Compare Successfully
collect zmk_key 900d900da2896af54231bc4fa493e7e970c5bb9ad343dd01212a060b5a5a5a5a
collect zmk_key 900d900da2896af54231bc4fa493e7e970c5bb9ad343dd01212a060b5a5a5a5a
write_select: 10000000  w_data: 900d900d
collect zmk_key 900d900da2896af54231bc4fa493e7e970c5bb9ad343dd01212a060b5a5a5a5a
UVM_INFO /home/b51816/my_git/repository/jay_uvm/jay_monitor/zmk_input_monitor.sv(37) @ 4100000: uvm_test_top.env.i_agt.mon [zmk_input_monitor] begin to collect one pkt
write_select: 01000000  w_data: d03a89a1
collect zmk_key 900d900da2896af54231bc4fa493e7e970c5bb9ad343dd01212a060b5a5a5a5a
write_select: 00100000  w_data: b01705cd
collect zmk_key 900d900da2896af54231bc4fa493e7e970c5bb9ad343dd01212a060b5a5a5a5a
write_select: 00010000  w_data: 99c19b77
collect zmk_key 900d900dd03a89a14231bc4fa493e7e970c5bb9ad343dd01212a060b5a5a5a5a
write_select: 00001000  w_data: 8749cb23
collect zmk_key 900d900dd03a89a1b01705cda493e7e970c5bb9ad343dd01212a060b5a5a5a5a
write_select: 00000100  w_data: de7f4cd5
collect zmk_key 900d900dd03a89a1b01705cd99c19b7770c5bb9ad343dd01212a060b5a5a5a5a
write_select: 00000010  w_data: 77743bfe
collect zmk_key 900d900dd03a89a1b01705cd99c19b778749cb23d343dd01212a060b5a5a5a5a
write_select: 00000001  w_data: 5a5a5a5a
collect zmk_key 900d900dd03a89a1b01705cd99c19b778749cb23de7f4cd5212a060b5a5a5a5a
collect zmk_key 900d900dd03a89a1b01705cd99c19b778749cb23de7f4cd577743bfe5a5a5a5a
generating key : 900d900ddb9a24b0d0e03143ae39f6bc01e7d26652356babd06ccae85a5a5a5a
UVM_INFO /home/b51816/my_git/repository/jay_uvm/jay_monitor/zmk_input_monitor.sv(53) @ 5700000: uvm_test_top.env.i_agt.mon [zmk_input_monitor] end of collecting one pkt
zmk_input_monitor: collect one pkt 900d900dd03a89a1b01705cd99c19b778749cb23de7f4cd577743bfe5a5a5a5a
collect zmk_key 900d900dd03a89a1b01705cd99c19b778749cb23de7f4cd577743bfe5a5a5a5a
UVM_INFO /home/b51816/my_git/repository/jay_uvm/jay_reference/zmk_ref_model.sv(25) @ 5700000: uvm_test_top.env.ref_model [zmk_ref_model] get one transaction
----------------------------------------------------------------------------------------------------
Name       Type             Size  Value                                                             
----------------------------------------------------------------------------------------------------
tr         zmk_transaction  -     @1042                                                             
  zmk_key  integral         256   'h900d900dd03a89a1b01705cd99c19b778749cb23de7f4cd577743bfe5a5a5a5a
----------------------------------------------------------------------------------------------------
UVM_INFO /home/b51816/my_git/repository/jay_uvm/jay_scoreboard/zmk_scoreboard.sv(38) @ 5700000: uvm_test_top.env.scoreboard [zmk_scoreboard] Compare Successfully
collect zmk_key 900d900dd03a89a1b01705cd99c19b778749cb23de7f4cd577743bfe5a5a5a5a
collect zmk_key 900d900dd03a89a1b01705cd99c19b778749cb23de7f4cd577743bfe5a5a5a5a
write_select: 10000000  w_data: 900d900d
collect zmk_key 900d900dd03a89a1b01705cd99c19b778749cb23de7f4cd577743bfe5a5a5a5a
UVM_INFO /home/b51816/my_git/repository/jay_uvm/jay_monitor/zmk_input_monitor.sv(37) @ 6500000: uvm_test_top.env.i_agt.mon [zmk_input_monitor] begin to collect one pkt
write_select: 01000000  w_data: db9a24b0
collect zmk_key 900d900dd03a89a1b01705cd99c19b778749cb23de7f4cd577743bfe5a5a5a5a
write_select: 00100000  w_data: d0e03143
collect zmk_key 900d900dd03a89a1b01705cd99c19b778749cb23de7f4cd577743bfe5a5a5a5a
write_select: 00010000  w_data: ae39f6bc
collect zmk_key 900d900ddb9a24b0b01705cd99c19b778749cb23de7f4cd577743bfe5a5a5a5a
write_select: 00001000  w_data: 01e7d266
collect zmk_key 900d900ddb9a24b0d0e0314399c19b778749cb23de7f4cd577743bfe5a5a5a5a
write_select: 00000100  w_data: 52356bab
collect zmk_key 900d900ddb9a24b0d0e03143ae39f6bc8749cb23de7f4cd577743bfe5a5a5a5a
write_select: 00000010  w_data: d06ccae8
collect zmk_key 900d900ddb9a24b0d0e03143ae39f6bc01e7d266de7f4cd577743bfe5a5a5a5a
write_select: 00000001  w_data: 5a5a5a5a
collect zmk_key 900d900ddb9a24b0d0e03143ae39f6bc01e7d26652356bab77743bfe5a5a5a5a
collect zmk_key 900d900ddb9a24b0d0e03143ae39f6bc01e7d26652356babd06ccae85a5a5a5a
generating key : 900d900d19e573613802af10be26bb85670fa9cd7c0df0d6517b01665a5a5a5a
UVM_INFO /home/b51816/my_git/repository/jay_uvm/jay_monitor/zmk_input_monitor.sv(53) @ 8100000: uvm_test_top.env.i_agt.mon [zmk_input_monitor] end of collecting one pkt
zmk_input_monitor: collect one pkt 900d900ddb9a24b0d0e03143ae39f6bc01e7d26652356babd06ccae85a5a5a5a
collect zmk_key 900d900ddb9a24b0d0e03143ae39f6bc01e7d26652356babd06ccae85a5a5a5a
UVM_INFO /home/b51816/my_git/repository/jay_uvm/jay_reference/zmk_ref_model.sv(25) @ 8100000: uvm_test_top.env.ref_model [zmk_ref_model] get one transaction
----------------------------------------------------------------------------------------------------
Name       Type             Size  Value                                                             
----------------------------------------------------------------------------------------------------
tr         zmk_transaction  -     @1102                                                             
  zmk_key  integral         256   'h900d900ddb9a24b0d0e03143ae39f6bc01e7d26652356babd06ccae85a5a5a5a
----------------------------------------------------------------------------------------------------
UVM_INFO /home/b51816/my_git/repository/jay_uvm/jay_scoreboard/zmk_scoreboard.sv(38) @ 8100000: uvm_test_top.env.scoreboard [zmk_scoreboard] Compare Successfully
collect zmk_key 900d900ddb9a24b0d0e03143ae39f6bc01e7d26652356babd06ccae85a5a5a5a
collect zmk_key 900d900ddb9a24b0d0e03143ae39f6bc01e7d26652356babd06ccae85a5a5a5a
write_select: 10000000  w_data: 900d900d
collect zmk_key 900d900ddb9a24b0d0e03143ae39f6bc01e7d26652356babd06ccae85a5a5a5a
UVM_INFO /home/b51816/my_git/repository/jay_uvm/jay_monitor/zmk_input_monitor.sv(37) @ 8900000: uvm_test_top.env.i_agt.mon [zmk_input_monitor] begin to collect one pkt
write_select: 01000000  w_data: 19e57361
collect zmk_key 900d900ddb9a24b0d0e03143ae39f6bc01e7d26652356babd06ccae85a5a5a5a
write_select: 00100000  w_data: 3802af10
collect zmk_key 900d900ddb9a24b0d0e03143ae39f6bc01e7d26652356babd06ccae85a5a5a5a
write_select: 00010000  w_data: be26bb85
collect zmk_key 900d900d19e57361d0e03143ae39f6bc01e7d26652356babd06ccae85a5a5a5a
write_select: 00001000  w_data: 670fa9cd
collect zmk_key 900d900d19e573613802af10ae39f6bc01e7d26652356babd06ccae85a5a5a5a
write_select: 00000100  w_data: 7c0df0d6
collect zmk_key 900d900d19e573613802af10be26bb8501e7d26652356babd06ccae85a5a5a5a
write_select: 00000010  w_data: 517b0166
collect zmk_key 900d900d19e573613802af10be26bb85670fa9cd52356babd06ccae85a5a5a5a
write_select: 00000001  w_data: 5a5a5a5a
collect zmk_key 900d900d19e573613802af10be26bb85670fa9cd7c0df0d6d06ccae85a5a5a5a
collect zmk_key 900d900d19e573613802af10be26bb85670fa9cd7c0df0d6517b01665a5a5a5a
generating key : 900d900d7628b258bb85f605d9216beba6a596dabc7a92f4826012355a5a5a5a
UVM_INFO /home/b51816/my_git/repository/jay_uvm/jay_monitor/zmk_input_monitor.sv(53) @ 10500000: uvm_test_top.env.i_agt.mon [zmk_input_monitor] end of collecting one pkt
zmk_input_monitor: collect one pkt 900d900d19e573613802af10be26bb85670fa9cd7c0df0d6517b01665a5a5a5a
collect zmk_key 900d900d19e573613802af10be26bb85670fa9cd7c0df0d6517b01665a5a5a5a
UVM_INFO /home/b51816/my_git/repository/jay_uvm/jay_reference/zmk_ref_model.sv(25) @ 10500000: uvm_test_top.env.ref_model [zmk_ref_model] get one transaction
----------------------------------------------------------------------------------------------------
Name       Type             Size  Value                                                             
----------------------------------------------------------------------------------------------------
tr         zmk_transaction  -     @1162                                                             
  zmk_key  integral         256   'h900d900d19e573613802af10be26bb85670fa9cd7c0df0d6517b01665a5a5a5a
----------------------------------------------------------------------------------------------------
UVM_INFO /home/b51816/my_git/repository/jay_uvm/jay_scoreboard/zmk_scoreboard.sv(38) @ 10500000: uvm_test_top.env.scoreboard [zmk_scoreboard] Compare Successfully
collect zmk_key 900d900d19e573613802af10be26bb85670fa9cd7c0df0d6517b01665a5a5a5a
collect zmk_key 900d900d19e573613802af10be26bb85670fa9cd7c0df0d6517b01665a5a5a5a
write_select: 10000000  w_data: 900d900d
collect zmk_key 900d900d19e573613802af10be26bb85670fa9cd7c0df0d6517b01665a5a5a5a
UVM_INFO /home/b51816/my_git/repository/jay_uvm/jay_monitor/zmk_input_monitor.sv(37) @ 11300000: uvm_test_top.env.i_agt.mon [zmk_input_monitor] begin to collect one pkt
write_select: 01000000  w_data: 7628b258
collect zmk_key 900d900d19e573613802af10be26bb85670fa9cd7c0df0d6517b01665a5a5a5a
write_select: 00100000  w_data: bb85f605
collect zmk_key 900d900d19e573613802af10be26bb85670fa9cd7c0df0d6517b01665a5a5a5a
write_select: 00010000  w_data: d9216beb
collect zmk_key 900d900d7628b2583802af10be26bb85670fa9cd7c0df0d6517b01665a5a5a5a
write_select: 00001000  w_data: a6a596da
collect zmk_key 900d900d7628b258bb85f605be26bb85670fa9cd7c0df0d6517b01665a5a5a5a
write_select: 00000100  w_data: bc7a92f4
collect zmk_key 900d900d7628b258bb85f605d9216beb670fa9cd7c0df0d6517b01665a5a5a5a
write_select: 00000010  w_data: 82601235
collect zmk_key 900d900d7628b258bb85f605d9216beba6a596da7c0df0d6517b01665a5a5a5a
write_select: 00000001  w_data: 5a5a5a5a
collect zmk_key 900d900d7628b258bb85f605d9216beba6a596dabc7a92f4517b01665a5a5a5a
collect zmk_key 900d900d7628b258bb85f605d9216beba6a596dabc7a92f4826012355a5a5a5a
generating key : 900d900d1df49ee0542b1cd1ab8a54fc7b825f0a59078a9a239120a65a5a5a5a
UVM_INFO /home/b51816/my_git/repository/jay_uvm/jay_monitor/zmk_input_monitor.sv(53) @ 12900000: uvm_test_top.env.i_agt.mon [zmk_input_monitor] end of collecting one pkt
zmk_input_monitor: collect one pkt 900d900d7628b258bb85f605d9216beba6a596dabc7a92f4826012355a5a5a5a
collect zmk_key 900d900d7628b258bb85f605d9216beba6a596dabc7a92f4826012355a5a5a5a
UVM_INFO /home/b51816/my_git/repository/jay_uvm/jay_reference/zmk_ref_model.sv(25) @ 12900000: uvm_test_top.env.ref_model [zmk_ref_model] get one transaction
----------------------------------------------------------------------------------------------------
Name       Type             Size  Value                                                             
----------------------------------------------------------------------------------------------------
tr         zmk_transaction  -     @1222                                                             
  zmk_key  integral         256   'h900d900d7628b258bb85f605d9216beba6a596dabc7a92f4826012355a5a5a5a
----------------------------------------------------------------------------------------------------
UVM_INFO /home/b51816/my_git/repository/jay_uvm/jay_scoreboard/zmk_scoreboard.sv(38) @ 12900000: uvm_test_top.env.scoreboard [zmk_scoreboard] Compare Successfully
collect zmk_key 900d900d7628b258bb85f605d9216beba6a596dabc7a92f4826012355a5a5a5a
collect zmk_key 900d900d7628b258bb85f605d9216beba6a596dabc7a92f4826012355a5a5a5a
write_select: 10000000  w_data: 900d900d
collect zmk_key 900d900d7628b258bb85f605d9216beba6a596dabc7a92f4826012355a5a5a5a
UVM_INFO /home/b51816/my_git/repository/jay_uvm/jay_monitor/zmk_input_monitor.sv(37) @ 13700000: uvm_test_top.env.i_agt.mon [zmk_input_monitor] begin to collect one pkt
write_select: 01000000  w_data: 1df49ee0
collect zmk_key 900d900d7628b258bb85f605d9216beba6a596dabc7a92f4826012355a5a5a5a
write_select: 00100000  w_data: 542b1cd1
collect zmk_key 900d900d7628b258bb85f605d9216beba6a596dabc7a92f4826012355a5a5a5a
write_select: 00010000  w_data: ab8a54fc
collect zmk_key 900d900d1df49ee0bb85f605d9216beba6a596dabc7a92f4826012355a5a5a5a
write_select: 00001000  w_data: 7b825f0a
collect zmk_key 900d900d1df49ee0542b1cd1d9216beba6a596dabc7a92f4826012355a5a5a5a
write_select: 00000100  w_data: 59078a9a
collect zmk_key 900d900d1df49ee0542b1cd1ab8a54fca6a596dabc7a92f4826012355a5a5a5a
write_select: 00000010  w_data: 239120a6
collect zmk_key 900d900d1df49ee0542b1cd1ab8a54fc7b825f0abc7a92f4826012355a5a5a5a
write_select: 00000001  w_data: 5a5a5a5a
collect zmk_key 900d900d1df49ee0542b1cd1ab8a54fc7b825f0a59078a9a826012355a5a5a5a
collect zmk_key 900d900d1df49ee0542b1cd1ab8a54fc7b825f0a59078a9a239120a65a5a5a5a
generating key : 900d900d9238bc3565d3d7e416bd350edfc7a78c22917043dfbc6c585a5a5a5a
UVM_INFO /home/b51816/my_git/repository/jay_uvm/jay_monitor/zmk_input_monitor.sv(53) @ 15300000: uvm_test_top.env.i_agt.mon [zmk_input_monitor] end of collecting one pkt
zmk_input_monitor: collect one pkt 900d900d1df49ee0542b1cd1ab8a54fc7b825f0a59078a9a239120a65a5a5a5a
collect zmk_key 900d900d1df49ee0542b1cd1ab8a54fc7b825f0a59078a9a239120a65a5a5a5a
UVM_INFO /home/b51816/my_git/repository/jay_uvm/jay_reference/zmk_ref_model.sv(25) @ 15300000: uvm_test_top.env.ref_model [zmk_ref_model] get one transaction
----------------------------------------------------------------------------------------------------
Name       Type             Size  Value                                                             
----------------------------------------------------------------------------------------------------
tr         zmk_transaction  -     @1282                                                             
  zmk_key  integral         256   'h900d900d1df49ee0542b1cd1ab8a54fc7b825f0a59078a9a239120a65a5a5a5a
----------------------------------------------------------------------------------------------------
UVM_INFO /home/b51816/my_git/repository/jay_uvm/jay_scoreboard/zmk_scoreboard.sv(38) @ 15300000: uvm_test_top.env.scoreboard [zmk_scoreboard] Compare Successfully
collect zmk_key 900d900d1df49ee0542b1cd1ab8a54fc7b825f0a59078a9a239120a65a5a5a5a
collect zmk_key 900d900d1df49ee0542b1cd1ab8a54fc7b825f0a59078a9a239120a65a5a5a5a
write_select: 10000000  w_data: 900d900d
collect zmk_key 900d900d1df49ee0542b1cd1ab8a54fc7b825f0a59078a9a239120a65a5a5a5a
UVM_INFO /home/b51816/my_git/repository/jay_uvm/jay_monitor/zmk_input_monitor.sv(37) @ 16100000: uvm_test_top.env.i_agt.mon [zmk_input_monitor] begin to collect one pkt
write_select: 01000000  w_data: 9238bc35
collect zmk_key 900d900d1df49ee0542b1cd1ab8a54fc7b825f0a59078a9a239120a65a5a5a5a
write_select: 00100000  w_data: 65d3d7e4
collect zmk_key 900d900d1df49ee0542b1cd1ab8a54fc7b825f0a59078a9a239120a65a5a5a5a
write_select: 00010000  w_data: 16bd350e
collect zmk_key 900d900d9238bc35542b1cd1ab8a54fc7b825f0a59078a9a239120a65a5a5a5a
write_select: 00001000  w_data: dfc7a78c
collect zmk_key 900d900d9238bc3565d3d7e4ab8a54fc7b825f0a59078a9a239120a65a5a5a5a
write_select: 00000100  w_data: 22917043
collect zmk_key 900d900d9238bc3565d3d7e416bd350e7b825f0a59078a9a239120a65a5a5a5a
write_select: 00000010  w_data: dfbc6c58
collect zmk_key 900d900d9238bc3565d3d7e416bd350edfc7a78c59078a9a239120a65a5a5a5a
write_select: 00000001  w_data: 5a5a5a5a
collect zmk_key 900d900d9238bc3565d3d7e416bd350edfc7a78c22917043239120a65a5a5a5a
collect zmk_key 900d900d9238bc3565d3d7e416bd350edfc7a78c22917043dfbc6c585a5a5a5a
generating key : 900d900d2fdca9b5b46506823ccc8cda849c894f1db568e4e91be07f5a5a5a5a
UVM_INFO /home/b51816/my_git/repository/jay_uvm/jay_monitor/zmk_input_monitor.sv(53) @ 17700000: uvm_test_top.env.i_agt.mon [zmk_input_monitor] end of collecting one pkt
zmk_input_monitor: collect one pkt 900d900d9238bc3565d3d7e416bd350edfc7a78c22917043dfbc6c585a5a5a5a
collect zmk_key 900d900d9238bc3565d3d7e416bd350edfc7a78c22917043dfbc6c585a5a5a5a
UVM_INFO /home/b51816/my_git/repository/jay_uvm/jay_reference/zmk_ref_model.sv(25) @ 17700000: uvm_test_top.env.ref_model [zmk_ref_model] get one transaction
----------------------------------------------------------------------------------------------------
Name       Type             Size  Value                                                             
----------------------------------------------------------------------------------------------------
tr         zmk_transaction  -     @1342                                                             
  zmk_key  integral         256   'h900d900d9238bc3565d3d7e416bd350edfc7a78c22917043dfbc6c585a5a5a5a
----------------------------------------------------------------------------------------------------
UVM_INFO /home/b51816/my_git/repository/jay_uvm/jay_scoreboard/zmk_scoreboard.sv(38) @ 17700000: uvm_test_top.env.scoreboard [zmk_scoreboard] Compare Successfully
collect zmk_key 900d900d9238bc3565d3d7e416bd350edfc7a78c22917043dfbc6c585a5a5a5a
collect zmk_key 900d900d9238bc3565d3d7e416bd350edfc7a78c22917043dfbc6c585a5a5a5a
write_select: 10000000  w_data: 900d900d
collect zmk_key 900d900d9238bc3565d3d7e416bd350edfc7a78c22917043dfbc6c585a5a5a5a
UVM_INFO /home/b51816/my_git/repository/jay_uvm/jay_monitor/zmk_input_monitor.sv(37) @ 18500000: uvm_test_top.env.i_agt.mon [zmk_input_monitor] begin to collect one pkt
write_select: 01000000  w_data: 2fdca9b5
collect zmk_key 900d900d9238bc3565d3d7e416bd350edfc7a78c22917043dfbc6c585a5a5a5a
write_select: 00100000  w_data: b4650682
collect zmk_key 900d900d9238bc3565d3d7e416bd350edfc7a78c22917043dfbc6c585a5a5a5a
write_select: 00010000  w_data: 3ccc8cda
collect zmk_key 900d900d2fdca9b565d3d7e416bd350edfc7a78c22917043dfbc6c585a5a5a5a
write_select: 00001000  w_data: 849c894f
collect zmk_key 900d900d2fdca9b5b465068216bd350edfc7a78c22917043dfbc6c585a5a5a5a
write_select: 00000100  w_data: 1db568e4
collect zmk_key 900d900d2fdca9b5b46506823ccc8cdadfc7a78c22917043dfbc6c585a5a5a5a
write_select: 00000010  w_data: e91be07f
collect zmk_key 900d900d2fdca9b5b46506823ccc8cda849c894f22917043dfbc6c585a5a5a5a
write_select: 00000001  w_data: 5a5a5a5a
collect zmk_key 900d900d2fdca9b5b46506823ccc8cda849c894f1db568e4dfbc6c585a5a5a5a
collect zmk_key 900d900d2fdca9b5b46506823ccc8cda849c894f1db568e4e91be07f5a5a5a5a
generating key : 900d900de8d3d24ce07689723336d2d0c8eae894fe9458531a6e424d5a5a5a5a
UVM_INFO /home/b51816/my_git/repository/jay_uvm/jay_monitor/zmk_input_monitor.sv(53) @ 20100000: uvm_test_top.env.i_agt.mon [zmk_input_monitor] end of collecting one pkt
zmk_input_monitor: collect one pkt 900d900d2fdca9b5b46506823ccc8cda849c894f1db568e4e91be07f5a5a5a5a
collect zmk_key 900d900d2fdca9b5b46506823ccc8cda849c894f1db568e4e91be07f5a5a5a5a
UVM_INFO /home/b51816/my_git/repository/jay_uvm/jay_reference/zmk_ref_model.sv(25) @ 20100000: uvm_test_top.env.ref_model [zmk_ref_model] get one transaction
----------------------------------------------------------------------------------------------------
Name       Type             Size  Value                                                             
----------------------------------------------------------------------------------------------------
tr         zmk_transaction  -     @1402                                                             
  zmk_key  integral         256   'h900d900d2fdca9b5b46506823ccc8cda849c894f1db568e4e91be07f5a5a5a5a
----------------------------------------------------------------------------------------------------
UVM_INFO /home/b51816/my_git/repository/jay_uvm/jay_scoreboard/zmk_scoreboard.sv(38) @ 20100000: uvm_test_top.env.scoreboard [zmk_scoreboard] Compare Successfully
collect zmk_key 900d900d2fdca9b5b46506823ccc8cda849c894f1db568e4e91be07f5a5a5a5a
collect zmk_key 900d900d2fdca9b5b46506823ccc8cda849c894f1db568e4e91be07f5a5a5a5a
UVM_INFO @ 20700000: main_objection [OBJTN_TRC] Object uvm_test_top dropped 1 objection(s): count=0  total=1
UVM_INFO @ 20700000: main_objection [OBJTN_TRC] Object uvm_top subtracted 1 objection(s) from its total (dropped from source object uvm_test_top): count=0  total=1
write_select: 10000000  w_data: 900d900d
collect zmk_key 900d900d2fdca9b5b46506823ccc8cda849c894f1db568e4e91be07f5a5a5a5a
UVM_INFO /home/b51816/my_git/repository/jay_uvm/jay_monitor/zmk_input_monitor.sv(37) @ 20900000: uvm_test_top.env.i_agt.mon [zmk_input_monitor] begin to collect one pkt
write_select: 01000000  w_data: e8d3d24c
collect zmk_key 900d900d2fdca9b5b46506823ccc8cda849c894f1db568e4e91be07f5a5a5a5a
write_select: 00100000  w_data: e0768972
collect zmk_key 900d900d2fdca9b5b46506823ccc8cda849c894f1db568e4e91be07f5a5a5a5a
write_select: 00010000  w_data: 3336d2d0
collect zmk_key 900d900de8d3d24cb46506823ccc8cda849c894f1db568e4e91be07f5a5a5a5a
write_select: 00001000  w_data: c8eae894
collect zmk_key 900d900de8d3d24ce07689723ccc8cda849c894f1db568e4e91be07f5a5a5a5a
write_select: 00000100  w_data: fe945853
collect zmk_key 900d900de8d3d24ce07689723336d2d0849c894f1db568e4e91be07f5a5a5a5a
write_select: 00000010  w_data: 1a6e424d
collect zmk_key 900d900de8d3d24ce07689723336d2d0c8eae8941db568e4e91be07f5a5a5a5a
write_select: 00000001  w_data: 5a5a5a5a
collect zmk_key 900d900de8d3d24ce07689723336d2d0c8eae894fe945853e91be07f5a5a5a5a
collect zmk_key 900d900de8d3d24ce07689723336d2d0c8eae894fe9458531a6e424d5a5a5a5a
generating key : 900d900d9511259d807454ce800684cfec314b119a26e0e2f2cdde425a5a5a5a
UVM_INFO /home/b51816/my_git/repository/jay_uvm/jay_monitor/zmk_input_monitor.sv(53) @ 22500000: uvm_test_top.env.i_agt.mon [zmk_input_monitor] end of collecting one pkt
zmk_input_monitor: collect one pkt 900d900de8d3d24ce07689723336d2d0c8eae894fe9458531a6e424d5a5a5a5a
collect zmk_key 900d900de8d3d24ce07689723336d2d0c8eae894fe9458531a6e424d5a5a5a5a
UVM_INFO /home/b51816/my_git/repository/jay_uvm/jay_reference/zmk_ref_model.sv(25) @ 22500000: uvm_test_top.env.ref_model [zmk_ref_model] get one transaction
----------------------------------------------------------------------------------------------------
Name       Type             Size  Value                                                             
----------------------------------------------------------------------------------------------------
tr         zmk_transaction  -     @1462                                                             
  zmk_key  integral         256   'h900d900de8d3d24ce07689723336d2d0c8eae894fe9458531a6e424d5a5a5a5a
----------------------------------------------------------------------------------------------------
UVM_INFO /home/b51816/my_git/repository/jay_uvm/jay_scoreboard/zmk_scoreboard.sv(38) @ 22500000: uvm_test_top.env.scoreboard [zmk_scoreboard] Compare Successfully
collect zmk_key 900d900de8d3d24ce07689723336d2d0c8eae894fe9458531a6e424d5a5a5a5a
collect zmk_key 900d900de8d3d24ce07689723336d2d0c8eae894fe9458531a6e424d5a5a5a5a
write_select: 10000000  w_data: 900d900d
collect zmk_key 900d900de8d3d24ce07689723336d2d0c8eae894fe9458531a6e424d5a5a5a5a
UVM_INFO /home/b51816/my_git/repository/jay_uvm/jay_monitor/zmk_input_monitor.sv(37) @ 23300000: uvm_test_top.env.i_agt.mon [zmk_input_monitor] begin to collect one pkt
write_select: 01000000  w_data: 9511259d
collect zmk_key 900d900de8d3d24ce07689723336d2d0c8eae894fe9458531a6e424d5a5a5a5a
write_select: 00100000  w_data: 807454ce
collect zmk_key 900d900de8d3d24ce07689723336d2d0c8eae894fe9458531a6e424d5a5a5a5a
write_select: 00010000  w_data: 800684cf
collect zmk_key 900d900d9511259de07689723336d2d0c8eae894fe9458531a6e424d5a5a5a5a
write_select: 00001000  w_data: ec314b11
collect zmk_key 900d900d9511259d807454ce3336d2d0c8eae894fe9458531a6e424d5a5a5a5a
write_select: 00000100  w_data: 9a26e0e2
collect zmk_key 900d900d9511259d807454ce800684cfc8eae894fe9458531a6e424d5a5a5a5a
write_select: 00000010  w_data: f2cdde42
collect zmk_key 900d900d9511259d807454ce800684cfec314b11fe9458531a6e424d5a5a5a5a
write_select: 00000001  w_data: 5a5a5a5a
collect zmk_key 900d900d9511259d807454ce800684cfec314b119a26e0e21a6e424d5a5a5a5a
collect zmk_key 900d900d9511259d807454ce800684cfec314b119a26e0e2f2cdde425a5a5a5a
UVM_INFO /home/b51816/my_git/repository/jay_uvm/jay_monitor/zmk_input_monitor.sv(53) @ 24900000: uvm_test_top.env.i_agt.mon [zmk_input_monitor] end of collecting one pkt
zmk_input_monitor: collect one pkt 900d900d9511259d807454ce800684cfec314b119a26e0e2f2cdde425a5a5a5a
collect zmk_key 900d900d9511259d807454ce800684cfec314b119a26e0e2f2cdde425a5a5a5a
UVM_INFO /home/b51816/my_git/repository/jay_uvm/jay_reference/zmk_ref_model.sv(25) @ 24900000: uvm_test_top.env.ref_model [zmk_ref_model] get one transaction
----------------------------------------------------------------------------------------------------
Name       Type             Size  Value                                                             
----------------------------------------------------------------------------------------------------
tr         zmk_transaction  -     @1522                                                             
  zmk_key  integral         256   'h900d900d9511259d807454ce800684cfec314b119a26e0e2f2cdde425a5a5a5a
----------------------------------------------------------------------------------------------------
UVM_INFO /home/b51816/my_git/repository/jay_uvm/jay_scoreboard/zmk_scoreboard.sv(38) @ 24900000: uvm_test_top.env.scoreboard [zmk_scoreboard] Compare Successfully
collect zmk_key 900d900d9511259d807454ce800684cfec314b119a26e0e2f2cdde425a5a5a5a
collect zmk_key 900d900d9511259d807454ce800684cfec314b119a26e0e2f2cdde425a5a5a5a
collect zmk_key 900d900d9511259d807454ce800684cfec314b119a26e0e2f2cdde425a5a5a5a
UVM_INFO @ 25700000: main_objection [OBJTN_TRC] Object uvm_test_top.env.i_agt.sqr.zmk_sequence_0 dropped 1 objection(s): count=0  total=0
collect zmk_key 900d900d9511259d807454ce800684cfec314b119a26e0e2f2cdde425a5a5a5a
UVM_INFO @ 25700000: main_objection [OBJTN_TRC] Object uvm_test_top.env.i_agt.sqr.zmk_sequence_0 all_dropped 1 objection(s): count=0  total=0
UVM_INFO @ 25700000: main_objection [OBJTN_TRC] Object uvm_test_top.env.i_agt.sqr subtracted 1 objection(s) from its total (dropped from source object ): count=0  total=0
UVM_INFO @ 25700000: main_objection [OBJTN_TRC] Object uvm_test_top.env.i_agt.sqr subtracted 1 objection(s) from its total (all_dropped from source object ): count=0  total=0
UVM_INFO @ 25700000: main_objection [OBJTN_TRC] Object uvm_test_top.env.i_agt subtracted 1 objection(s) from its total (dropped from source object ): count=0  total=0
UVM_INFO @ 25700000: main_objection [OBJTN_TRC] Object uvm_test_top.env.i_agt subtracted 1 objection(s) from its total (all_dropped from source object ): count=0  total=0
UVM_INFO @ 25700000: main_objection [OBJTN_TRC] Object uvm_test_top.env subtracted 1 objection(s) from its total (dropped from source object ): count=0  total=0
UVM_INFO @ 25700000: main_objection [OBJTN_TRC] Object uvm_test_top.env subtracted 1 objection(s) from its total (all_dropped from source object ): count=0  total=0
UVM_INFO @ 25700000: main_objection [OBJTN_TRC] Object uvm_test_top subtracted 1 objection(s) from its total (dropped from source object uvm_test_top.env.i_agt.sqr.zmk_sequence_0): count=0  total=0
UVM_INFO @ 25700000: main_objection [OBJTN_TRC] Object uvm_test_top subtracted 1 objection(s) from its total (all_dropped from source object uvm_test_top.env.i_agt.sqr.zmk_sequence_0): count=0  total=0
UVM_INFO @ 25700000: main_objection [OBJTN_TRC] Object uvm_top subtracted 1 objection(s) from its total (dropped from source object uvm_test_top.env.i_agt.sqr.zmk_sequence_0): count=0  total=0
UVM_INFO @ 25700000: main_objection [OBJTN_TRC] Object uvm_top subtracted 1 objection(s) from its total (all_dropped from source object uvm_test_top.env.i_agt.sqr.zmk_sequence_0): count=0  total=0
UVM_INFO /home/b51816/uvm/uvm-1.1d/src/base/uvm_phase.svh(1381) @ 25700000: reporter [PH/TRC/DONE] Phase 'uvm.uvm_sched.main' (id=401) Completed phase
UVM_INFO /home/b51816/uvm/uvm-1.1d/src/base/uvm_phase.svh(1403) @ 25700000: reporter [PH/TRC/SCHEDULED] Phase 'uvm.uvm_sched.post_main' (id=413) Scheduled from phase uvm.uvm_sched.main
UVM_INFO /home/b51816/uvm/uvm-1.1d/src/base/uvm_phase.svh(1124) @ 25700000: reporter [PH/TRC/STRT] Phase 'uvm.uvm_sched.post_main' (id=413) Starting phase
UVM_INFO /home/b51816/my_git/repository/jay_uvm/jay_test/base_test.sv(27) @ 25700000: uvm_test_top [phase_started] current phase name is post_main
UVM_INFO /home/b51816/uvm/uvm-1.1d/src/base/uvm_phase.svh(1203) @ 25700000: reporter [PH/TRC/SKIP] Phase 'uvm.uvm_sched.post_main' (id=413) No objections raised, skipping phase
UVM_INFO /home/b51816/uvm/uvm-1.1d/src/base/uvm_phase.svh(1381) @ 25700000: reporter [PH/TRC/DONE] Phase 'uvm.uvm_sched.post_main' (id=413) Completed phase
UVM_INFO /home/b51816/uvm/uvm-1.1d/src/base/uvm_phase.svh(1403) @ 25700000: reporter [PH/TRC/SCHEDULED] Phase 'uvm.uvm_sched.pre_shutdown' (id=425) Scheduled from phase uvm.uvm_sched.post_main
UVM_INFO /home/b51816/uvm/uvm-1.1d/src/base/uvm_phase.svh(1124) @ 25700000: reporter [PH/TRC/STRT] Phase 'uvm.uvm_sched.pre_shutdown' (id=425) Starting phase
UVM_INFO /home/b51816/my_git/repository/jay_uvm/jay_test/base_test.sv(27) @ 25700000: uvm_test_top [phase_started] current phase name is pre_shutdown
UVM_INFO /home/b51816/uvm/uvm-1.1d/src/base/uvm_phase.svh(1203) @ 25700000: reporter [PH/TRC/SKIP] Phase 'uvm.uvm_sched.pre_shutdown' (id=425) No objections raised, skipping phase
UVM_INFO /home/b51816/uvm/uvm-1.1d/src/base/uvm_phase.svh(1381) @ 25700000: reporter [PH/TRC/DONE] Phase 'uvm.uvm_sched.pre_shutdown' (id=425) Completed phase
UVM_INFO /home/b51816/uvm/uvm-1.1d/src/base/uvm_phase.svh(1403) @ 25700000: reporter [PH/TRC/SCHEDULED] Phase 'uvm.uvm_sched.shutdown' (id=437) Scheduled from phase uvm.uvm_sched.pre_shutdown
UVM_INFO /home/b51816/uvm/uvm-1.1d/src/base/uvm_phase.svh(1124) @ 25700000: reporter [PH/TRC/STRT] Phase 'uvm.uvm_sched.shutdown' (id=437) Starting phase
UVM_INFO /home/b51816/my_git/repository/jay_uvm/jay_test/base_test.sv(27) @ 25700000: uvm_test_top [phase_started] current phase name is shutdown
UVM_INFO /home/b51816/uvm/uvm-1.1d/src/base/uvm_phase.svh(1203) @ 25700000: reporter [PH/TRC/SKIP] Phase 'uvm.uvm_sched.shutdown' (id=437) No objections raised, skipping phase
UVM_INFO /home/b51816/uvm/uvm-1.1d/src/base/uvm_phase.svh(1381) @ 25700000: reporter [PH/TRC/DONE] Phase 'uvm.uvm_sched.shutdown' (id=437) Completed phase
UVM_INFO /home/b51816/uvm/uvm-1.1d/src/base/uvm_phase.svh(1403) @ 25700000: reporter [PH/TRC/SCHEDULED] Phase 'uvm.uvm_sched.post_shutdown' (id=449) Scheduled from phase uvm.uvm_sched.shutdown
UVM_INFO /home/b51816/uvm/uvm-1.1d/src/base/uvm_phase.svh(1124) @ 25700000: reporter [PH/TRC/STRT] Phase 'uvm.uvm_sched.post_shutdown' (id=449) Starting phase
UVM_INFO /home/b51816/my_git/repository/jay_uvm/jay_test/base_test.sv(27) @ 25700000: uvm_test_top [phase_started] current phase name is post_shutdown
UVM_INFO /home/b51816/uvm/uvm-1.1d/src/base/uvm_phase.svh(1203) @ 25700000: reporter [PH/TRC/SKIP] Phase 'uvm.uvm_sched.post_shutdown' (id=449) No objections raised, skipping phase
UVM_INFO /home/b51816/uvm/uvm-1.1d/src/base/uvm_phase.svh(1381) @ 25700000: reporter [PH/TRC/DONE] Phase 'common.run' (id=238) Completed phase
UVM_INFO /home/b51816/uvm/uvm-1.1d/src/base/uvm_phase.svh(1403) @ 25700000: reporter [PH/TRC/SCHEDULED] Phase 'common.extract' (id=245) Scheduled from phase common.run
UVM_INFO /home/b51816/uvm/uvm-1.1d/src/base/uvm_phase.svh(1381) @ 25700000: reporter [PH/TRC/DONE] Phase 'uvm.uvm_sched.post_shutdown' (id=449) Completed phase
UVM_INFO /home/b51816/uvm/uvm-1.1d/src/base/uvm_phase.svh(1403) @ 25700000: reporter [PH/TRC/SCHEDULED] Phase 'uvm.uvm_sched_end' (id=305) Scheduled from phase uvm.uvm_sched.post_shutdown
UVM_INFO /home/b51816/uvm/uvm-1.1d/src/base/uvm_phase.svh(1124) @ 25700000: reporter [PH/TRC/STRT] Phase 'uvm.uvm_sched_end' (id=305) Starting phase
UVM_INFO /home/b51816/uvm/uvm-1.1d/src/base/uvm_phase.svh(1381) @ 25700000: reporter [PH/TRC/DONE] Phase 'uvm.uvm_sched_end' (id=305) Completed phase
UVM_INFO /home/b51816/uvm/uvm-1.1d/src/base/uvm_phase.svh(1403) @ 25700000: reporter [PH/TRC/SCHEDULED] Phase 'uvm.uvm_end' (id=293) Scheduled from phase uvm.uvm_sched_end
UVM_INFO /home/b51816/uvm/uvm-1.1d/src/base/uvm_phase.svh(1124) @ 25700000: reporter [PH/TRC/STRT] Phase 'uvm.uvm_end' (id=293) Starting phase
UVM_INFO /home/b51816/uvm/uvm-1.1d/src/base/uvm_phase.svh(1381) @ 25700000: reporter [PH/TRC/DONE] Phase 'uvm.uvm_end' (id=293) Completed phase
UVM_INFO /home/b51816/uvm/uvm-1.1d/src/base/uvm_phase.svh(1124) @ 25700000: reporter [PH/TRC/STRT] Phase 'common.extract' (id=245) Starting phase
UVM_INFO /home/b51816/my_git/repository/jay_uvm/jay_test/base_test.sv(27) @ 25700000: uvm_test_top [phase_started] current phase name is extract
UVM_INFO /home/b51816/uvm/uvm-1.1d/src/base/uvm_phase.svh(1381) @ 25700000: reporter [PH/TRC/DONE] Phase 'common.extract' (id=245) Completed phase
UVM_INFO /home/b51816/uvm/uvm-1.1d/src/base/uvm_phase.svh(1403) @ 25700000: reporter [PH/TRC/SCHEDULED] Phase 'common.check' (id=257) Scheduled from phase common.extract
UVM_INFO /home/b51816/uvm/uvm-1.1d/src/base/uvm_phase.svh(1124) @ 25700000: reporter [PH/TRC/STRT] Phase 'common.check' (id=257) Starting phase
UVM_INFO /home/b51816/my_git/repository/jay_uvm/jay_test/base_test.sv(27) @ 25700000: uvm_test_top [phase_started] current phase name is check
UVM_INFO /home/b51816/uvm/uvm-1.1d/src/base/uvm_phase.svh(1381) @ 25700000: reporter [PH/TRC/DONE] Phase 'common.check' (id=257) Completed phase
UVM_INFO /home/b51816/uvm/uvm-1.1d/src/base/uvm_phase.svh(1403) @ 25700000: reporter [PH/TRC/SCHEDULED] Phase 'common.report' (id=269) Scheduled from phase common.check
UVM_INFO /home/b51816/uvm/uvm-1.1d/src/base/uvm_phase.svh(1124) @ 25700000: reporter [PH/TRC/STRT] Phase 'common.report' (id=269) Starting phase
UVM_INFO /home/b51816/my_git/repository/jay_uvm/jay_test/base_test.sv(27) @ 25700000: uvm_test_top [phase_started] current phase name is report
base_test Passed
UVM_INFO /home/b51816/uvm/uvm-1.1d/src/base/uvm_phase.svh(1381) @ 25700000: reporter [PH/TRC/DONE] Phase 'common.report' (id=269) Completed phase
UVM_INFO /home/b51816/uvm/uvm-1.1d/src/base/uvm_phase.svh(1403) @ 25700000: reporter [PH/TRC/SCHEDULED] Phase 'common.final' (id=281) Scheduled from phase common.report
UVM_INFO /home/b51816/uvm/uvm-1.1d/src/base/uvm_phase.svh(1124) @ 25700000: reporter [PH/TRC/STRT] Phase 'common.final' (id=281) Starting phase
UVM_INFO /home/b51816/my_git/repository/jay_uvm/jay_test/base_test.sv(27) @ 25700000: uvm_test_top [phase_started] current phase name is final
UVM_INFO /home/b51816/uvm/uvm-1.1d/src/base/uvm_phase.svh(1381) @ 25700000: reporter [PH/TRC/DONE] Phase 'common.final' (id=281) Completed phase
UVM_INFO /home/b51816/uvm/uvm-1.1d/src/base/uvm_phase.svh(1403) @ 25700000: reporter [PH/TRC/SCHEDULED] Phase 'common.common_end' (id=178) Scheduled from phase common.final
UVM_INFO /home/b51816/uvm/uvm-1.1d/src/base/uvm_phase.svh(1124) @ 25700000: reporter [PH/TRC/STRT] Phase 'common.common_end' (id=178) Starting phase
UVM_INFO /home/b51816/uvm/uvm-1.1d/src/base/uvm_phase.svh(1381) @ 25700000: reporter [PH/TRC/DONE] Phase 'common.common_end' (id=178) Completed phase

--- UVM Report Summary ---

** Report counts by severity
UVM_INFO :  251
UVM_WARNING :    0
UVM_ERROR :    0
UVM_FATAL :    0
** Report counts by id
[BASE_TEST]     1
[CFGNRD]     1
[CFGPRT]    48
[OBJTN_TRC]    43
[PH/TRC/DONE]    27
[PH/TRC/SCHEDULED]    26
[PH/TRC/SKIP]    11
[PH/TRC/STRT]    27
[RNTST]     1
[phase_started]    21
[zmk_driver]     5
[zmk_input_monitor]    20
[zmk_ref_model]    10
[zmk_scoreboard]    10
$finish called from file "/home/b51816/uvm/uvm-1.1d/src/base/uvm_root.svh", line 430.
$finish at simulation time             25700000
           V C S   S i m u l a t i o n   R e p o r t 
Time: 25700000 ps
CPU Time:      0.290 seconds;       Data structure size:   0.2Mb
Mon May  9 15:31:25 2016
